160	160	160	160	160	160	160	160	160	160	160	160	160	160	160	160	49
160	160	160	160	160	160	160	160	160	160	160	160	160	160	160	160	50
160	160	160	160	160	160	160	160	160	160	160	160	160	160	160	160	51
160	160	160	160	160	160	160	160	160	160	160	160	160	160	160	160	52
160	160	160	160	160	160	160	160	160	160	160	160	160	160	160	160	53
160	160	160	160	160	160	160	160	160	160	160	160	160	160	160	160	54
160	160	160	160	160	160	160	160	160	160	160	160	160	160	160	160	55
160	160	160	160	160	160	160	160	160	160	160	160	160	160	160	160	56
160	160	160	160	160	160	160	160	160	160	160	160	160	160	160	160	57
160	160	160	160	160	160	160	160	160	160	160	160	160	160	160	160	58
160	160	160	160	160	160	160	160	160	160	160	160	160	160	160	160	59
160	160	160	160	160	160	160	160	160	160	160	160	160	160	160	160	60
160	160	160	160	160	160	160	160	160	160	160	160	160	160	160	160	61
160	160	160	160	160	160	160	160	160	160	160	160	160	160	160	160	62
160	160	160	160	160	160	160	160	160	160	160	160	160	160	160	160	63
160	160	160	160	160	160	160	160	160	160	160	160	160	160	160	160	64
160	160	160	160	160	160	160	160	160	160	160	160	160	160	160	160	65
160	160	160	160	160	160	160	160	160	160	160	160	160	160	160	160	66
160	160	160	160	160	160	160	160	160	160	160	160	160	160	160	160	67
160	160	160	160	160	160	160	160	160	160	160	160	160	160	160	160	68
160	160	160	160	160	160	160	160	160	160	160	160	160	160	160	160	69
160	160	160	160	160	160	160	160	160	160	160	160	160	160	160	160	70
160	160	160	160	160	160	160	160	160	160	160	160	160	160	160	160	71
160	160	160	160	160	160	160	160	160	160	160	160	160	160	160	160	72
160	160	160	160	160	160	160	160	160	160	160	160	160	160	160	160	73
160	160	160	160	160	160	160	160	160	160	160	160	160	160	160	160	74
160	160	160	160	160	160	160	160	160	160	160	160	160	160	160	160	75
160	160	160	160	160	160	160	160	160	160	160	160	160	160	160	160	76
160	160	160	160	160	160	160	160	160	160	160	160	160	160	160	160	77
160	160	160	160	160	160	160	160	160	160	160	160	160	160	160	160	78
160	160	160	160	160	160	160	160	160	160	160	160	160	160	160	160	79
160	160	160	160	160	160	160	160	160	160	160	160	160	160	160	160	80
160	160	160	160	160	160	160	160	160	160	160	160	160	160	160	160	81
160	160	160	160	160	160	160	160	160	160	160	160	160	160	160	160	82
160	160	160	160	160	160	160	160	160	160	160	160	160	160	160	160	83
160	160	160	160	160	160	160	160	160	160	160	160	160	160	160	160	84
160	160	160	160	160	160	160	160	160	160	160	160	160	160	160	160	85
160	160	160	160	160	160	160	160	160	160	160	160	160	160	160	160	86
160	160	160	160	160	160	160	160	160	160	160	160	160	160	160	160	87
160	160	160	160	160	160	160	160	160	160	160	160	160	160	160	160	88
160	160	160	160	160	160	160	160	160	160	160	160	160	160	160	160	89
160	160	160	160	160	160	160	160	160	160	160	160	160	160	160	160	90
160	160	160	160	160	160	160	160	160	160	160	160	160	160	160	160	91
160	160	160	160	160	160	160	160	160	160	160	160	160	160	160	159	92
160	160	160	160	160	160	160	160	160	160	160	160	160	160	160	159	93
160	160	160	160	160	160	160	160	160	160	160	160	160	160	160	158	94
160	160	160	160	160	160	160	160	160	160	160	160	160	160	159	157	94
160	160	160	160	160	160	160	160	160	160	160	160	160	160	159	154	95
160	160	160	160	160	160	160	160	160	160	160	160	160	160	158	150	96
160	160	160	160	160	160	160	160	160	160	160	160	160	159	158	99	97
160	160	160	160	160	160	160	160	160	160	160	160	160	159	157	100	98
160	160	160	160	160	160	160	160	160	160	160	160	159	159	155	100	99
160	160	160	160	160	160	160	160	160	160	160	160	159	158	152	101	100
160	160	160	160	160	160	160	160	160	160	160	160	159	157	138	102	101
160	160	160	160	160	160	160	160	160	160	160	160	159	156	104	103	102
160	160	160	160	160	160	160	160	160	160	160	159	158	154	105	104	103
160	160	160	160	160	160	160	160	160	160	160	159	158	151	105	105	104
160	160	160	160	160	160	160	160	160	160	160	159	157	144	106	106	105
160	160	160	160	160	160	160	160	160	160	159	159	156	133	107	107	106
160	160	160	160	160	160	160	160	160	160	159	158	154	109	108	108	107
160	160	160	160	160	160	160	160	160	160	159	158	153	110	109	109	108
160	160	160	160	160	160	160	160	160	160	159	157	151	110	110	110	109
160	160	160	160	160	160	160	160	160	160	159	156	148	111	111	111	110
160	160	160	160	160	160	160	160	160	159	158	156	142	112	112	112	111
160	160	160	160	160	160	160	160	160	159	158	155	135	113	113	113	112
160	160	160	160	160	160	160	160	160	159	158	154	115	114	114	114	113
160	160	160	160	160	160	160	160	160	159	157	153	116	115	115	115	114
160	160	160	160	160	160	160	160	160	159	157	151	116	116	116	116	115
160	160	160	160	160	160	160	160	160	159	156	150	117	117	117	117	115
160	160	160	160	160	160	160	160	159	159	156	147	118	118	118	117	116
160	160	160	160	160	160	160	160	159	158	155	143	119	119	119	118	117
160	160	160	160	160	160	160	160	159	158	155	139	120	120	119	119	118
160	160	160	160	160	160	160	160	159	158	154	135	121	121	120	120	119
160	160	160	160	160	160	160	160	159	158	153	123	122	122	121	121	120
160	160	160	160	160	160	160	160	159	157	153	123	123	122	122	122	121
160	160	160	160	160	160	160	160	159	157	152	124	124	123	123	123	122
160	160	160	160	160	160	160	160	159	157	151	125	125	124	124	124	123
160	160	160	160	160	160	160	160	159	156	150	126	126	125	125	125	124
160	160	160	160	160	160	160	159	159	156	149	127	127	126	126	126	125
160	160	160	160	160	160	160	159	159	156	146	128	128	127	127	127	126
160	160	160	160	160	160	160	159	158	155	144	129	128	128	128	128	127
160	160	160	160	160	160	160	159	158	155	140	130	129	129	129	129	128
160	160	160	160	160	160	160	159	158	154	132	131	130	130	130	129	129
160	160	160	160	160	160	160	159	158	154	132	132	131	131	130	130	129
160	160	160	160	160	160	160	159	158	153	133	133	132	131	131	131	130
160	160	160	160	160	160	160	159	157	153	134	134	133	132	132	132	131
160	160	160	160	160	160	160	159	157	152	135	134	134	133	133	133	132
160	160	160	160	160	160	160	159	157	152	136	135	134	134	134	133	133
160	160	160	160	160	160	160	159	157	151	137	136	135	135	134	134	133
160	160	160	160	160	160	160	159	156	150	138	137	136	135	135	135	134
160	160	160	160	160	160	159	158	156	140	139	138	137	136	136	136	135
160	160	160	160	160	160	159	158	156	140	140	139	138	137	137	137	136
160	160	160	160	160	160	159	158	155	141	141	139	139	138	138	138	137
160	160	160	160	160	160	159	158	155	142	141	140	139	139	139	139	138
160	160	160	160	160	160	159	158	154	143	142	141	140	140	139	139	138
160	160	160	160	160	160	159	158	153	144	143	142	141	140	140	140	139
160	160	160	160	160	160	159	158	146	145	144	143	142	141	141	141	140
160	160	160	160	160	160	159	157	146	146	145	144	143	142	142	142	141
160	160	160	160	160	159	159	157	147	147	146	145	144	143	143	143	142
160	160	160	160	160	159	159	155	148	148	147	146	145	144	144	144	143
160	160	160	160	160	159	158	150	149	149	148	147	146	145	145	145	144
160	160	160	160	160	159	158	150	150	149	149	147	147	146	146	146	145
160	160	160	160	159	159	157	151	151	150	149	148	147	147	147	146	146
160	160	160	160	159	158	152	152	152	151	150	149	148	148	147	147	146
160	160	160	159	159	157	153	153	153	152	151	150	149	148	148	148	147
160	160	159	159	158	154	154	154	153	153	152	150	149	149	149	149	148
160	160	159	159	155	155	155	155	154	153	152	151	150	150	149	149	149
160	159	159	156	156	156	156	155	155	154	153	152	151	150	150	150	149
160	159	157	157	157	157	157	156	156	154	153	152	151	151	151	151	150
160	158	158	158	158	158	157	157	156	155	154	153	152	151	151	151	151
160	159	159	158	158	158	158	157	157	155	154	153	152	152	152	152	151
160	159	159	159	159	159	158	158	157	156	155	154	153	152	152	152	152
160	159	159	159	159	159	159	158	157	156	155	154	153	153	153	153	152
160	159	159	159	159	159	159	158	158	156	155	154	154	153	153	153	153
160	160	160	160	159	159	159	159	158	157	156	155	154	154	154	154	153
160	160	160	160	160	159	159	159	158	157	156	155	155	154	154	154	154
160	160	160	160	160	160	159	159	158	157	156	156	155	155	154	154	154
160	160	160	160	160	160	159	159	159	158	157	156	155	155	155	155	154
160	160	160	160	160	160	159	159	159	158	157	156	156	155	155	155	155
160	160	160	160	160	160	160	159	159	158	157	157	156	156	156	156	155
160	160	160	160	160	160	160	159	159	158	157	157	156	156	156	156	155
160	160	160	160	160	160	160	159	159	158	158	157	157	156	156	156	156
160	160	160	160	160	160	160	159	159	159	158	157	157	157	156	156	156
160	160	160	160	160	160	160	159	159	159	158	158	157	157	157	157	156
160	160	160	160	160	160	160	160	159	159	158	158	157	157	157	157	157
160	160	160	160	160	160	160	160	159	159	158	158	157	157	157	157	157
160	160	160	160	160	160	160	160	159	159	158	158	158	158	157	157	157
160	160	160	160	160	160	160	160	159	159	159	158	158	158	158	158	157
160	160	160	160	160	160	160	160	160	159	159	158	158	158	158	158	158
160	160	160	160	160	160	160	160	160	159	159	158	158	158	158	158	158
160	160	160	160	160	160	160	160	160	159	159	159	158	158	158	158	158
160	160	160	160	160	160	160	160	160	159	159	159	159	158	158	158	158
160	160	160	160	160	160	160	160	160	159	159	159	159	159	158	158	158
160	160	160	160	160	160	160	160	160	160	159	159	159	159	159	159	158
160	160	160	160	160	160	160	160	160	160	159	159	159	159	159	159	159
160	160	160	160	160	160	160	160	160	160	159	159	159	159	159	159	159
160	160	160	160	160	160	160	160	160	160	159	159	159	159	159	159	159
160	160	160	160	160	160	160	160	160	160	160	159	159	159	159	159	159
160	160	160	160	160	160	160	160	160	160	160	159	159	159	159	159	159
160	160	160	160	160	160	160	160	160	160	160	159	159	159	159	159	159
160	160	160	160	160	160	160	160	160	160	160	159	159	159	159	159	159
160	160	160	160	160	160	160	160	160	160	160	160	159	159	159	159	159
160	160	160	160	160	160	160	160	160	160	160	160	159	159	159	159	159
160	160	160	160	160	160	160	160	160	160	160	160	160	159	159	159	159
160	160	160	160	160	160	160	160	160	160	160	160	160	160	160	159	159
160	160	160	160	160	160	160	160	160	160	160	160	160	160	160	160	159
160	160	160	160	160	160	160	160	160	160	160	160	160	160	160	160	160
160	160	160	160	160	160	160	160	160	160	160	160	160	160	160	160	160
160	160	160	160	160	160	160	160	160	160	160	160	160	160	160	160	160
160	160	160	160	160	160	160	160	160	160	160	160	160	160	160	160	160
160	160	160	160	160	160	160	160	160	160	160	160	160	160	160	160	160
160	160	160	160	160	160	160	160	160	160	160	160	160	160	160	160	160
160	160	160	160	160	160	160	160	160	160	160	160	160	160	160	160	160
160	160	160	160	160	160	160	160	160	160	160	160	160	160	160	160	160
160	160	160	160	160	160	160	160	160	160	160	160	160	160	160	160	160
160	160	160	160	160	160	160	160	160	160	160	160	160	160	160	160	160
160	160	160	160	160	160	160	160	160	160	160	160	160	160	160	160	160
160	160	160	160	160	160	160	160	160	160	160	160	160	160	160	160	160
160	160	160	160	160	160	160	160	160	160	160	160	160	160	160	160	160
160	160	160	160	160	160	160	160	160	160	160	160	160	160	160	160	160
160	160	160	160	160	160	160	160	160	160	160	160	160	160	160	160	160
160	160	160	160	160	160	160	160	160	160	160	160	160	160	160	160	160
160	160	160	160	160	160	160	160	160	160	160	160	160	160	160	160	160
160	160	160	160	160	160	160	160	160	160	160	160	160	160	160	160	160
160	160	160	160	160	160	160	160	160	160	160	160	160	160	160	160	160
160	160	160	160	160	160	160	160	160	160	160	160	160	160	160	160	160
160	160	160	160	160	160	160	160	160	160	160	160	160	160	160	160	160
160	160	160	160	160	160	160	160	160	160	160	160	160	160	160	160	160
160	160	160	160	160	160	160	160	160	160	160	160	160	160	160	160	160
160	160	160	160	160	160	160	160	160	160	160	160	160	160	160	160	160
160	160	160	160	160	160	160	160	160	160	160	160	160	160	160	160	160
160	160	160	160	160	160	160	160	160	160	160	160	160	160	160	160	160
160	160	160	160	160	160	160	160	160	160	160	160	160	160	160	160	160
160	160	160	160	160	160	160	160	160	160	160	160	160	160	160	160	160
160	160	160	160	160	160	160	160	160	160	160	160	160	160	160	160	160
160	160	160	160	160	160	160	160	160	160	160	160	160	160	160	160	160
160	160	160	160	160	160	160	160	160	160	160	160	160	160	160	160	160
160	160	160	160	160	160	160	160	160	160	160	160	160	160	160	160	160
160	160	160	160	160	160	160	160	160	160	160	160	160	160	160	160	160
160	160	160	160	160	160	160	160	160	160	160	160	160	160	160	160	160
160	160	160	160	160	160	160	160	160	160	160	160	160	160	160	160	160
160	160	160	160	160	160	160	160	160	160	160	160	160	160	160	160	160
160	160	160	160	160	160	160	160	160	160	160	160	160	160	160	160	160
160	160	160	160	160	160	160	160	160	160	160	160	160	160	160	160	160
160	160	160	160	160	160	160	160	160	160	160	160	160	160	160	160	160
160	160	160	160	160	160	160	160	160	160	160	160	160	160	160	160	160
160	160	160	160	160	160	160	160	160	160	160	160	160	160	160	160	160
160	160	160	160	160	160	160	160	160	160	160	160	160	160	160	160	160
160	160	160	160	160	160	160	160	160	160	160	160	160	160	160	160	160
160	160	160	160	160	160	160	160	160	160	160	160	160	160	160	160	160
160	160	160	160	160	160	160	160	160	160	160	160	160	160	160	160	160
160	160	160	160	160	160	160	160	160	160	160	160	160	160	160	160	160
160	160	160	160	160	160	160	160	160	160	160	160	160	160	160	160	160
160	160	160	160	160	160	160	160	160	160	160	160	160	160	160	160	160
160	160	160	160	160	160	160	160	160	160	160	160	160	160	160	160	160
160	160	160	160	160	160	160	160	160	160	160	160	160	160	160	160	160
160	160	160	160	160	160	160	160	160	160	160	160	160	160	160	160	160
160	160	160	160	160	160	160	160	160	160	160	160	160	160	160	160	160
160	160	160	160	160	160	160	160	160	160	160	160	160	160	160	160	160
160	160	160	160	160	160	160	160	160	160	160	160	160	160	160	160	160
160	160	160	160	160	160	160	160	160	160	160	160	160	160	160	160	160
