1.04319	1.04331	1.044866667	1.03988	1.040956667	1.04029	1.03797	1.035656667	1.023416667	1.019646667	1.000906667	0.985943333	0.962743333	0.939596667	0.911813333	0.87293	0.28778
1.04433	1.042866667	1.041823333	1.043296667	1.039186667	1.03766	1.035436667	1.030963333	1.022803333	1.010113333	1.000233333	0.983526667	0.956953333	0.932446667	0.90622	0.869273333	0.29416
1.04076	1.040993333	1.0419	1.03892	1.040143333	1.038966667	1.034323333	1.02854	1.02267	1.014136667	0.99719	0.979276667	0.957756667	0.933996667	0.901286667	0.86829	0.30013
1.03797	1.039386667	1.040043333	1.040486667	1.03771	1.03547	1.034503333	1.028063333	1.016966667	1.012693333	0.99218	0.97713	0.951193333	0.926853333	0.898163333	0.85751	0.306543333
1.03977	1.040033333	1.03756	1.039173333	1.03236	1.032726667	1.03007	1.025956667	1.017953333	1.009086667	0.992983333	0.97387	0.9549	0.924343333	0.893083333	0.854103333	0.314503333
1.038513333	1.034903333	1.03706	1.03638	1.035733333	1.033093333	1.033033333	1.026993333	1.01495	1.002896667	0.990756667	0.971623333	0.94694	0.92297	0.889953333	0.848486667	0.321386667
1.037373333	1.036693333	1.036833333	1.03589	1.03408	1.02625	1.03087	1.02418	1.015823333	1.002013333	0.985646667	0.964846667	0.944793333	0.920076667	0.887013333	0.84432	0.328546667
1.035926667	1.038776667	1.035806667	1.033506667	1.031573333	1.032563333	1.027833333	1.02446	1.012623333	1.004133333	0.9848	0.964363333	0.937706667	0.916166667	0.884393333	0.839766667	0.335966667
1.036796667	1.03726	1.032166667	1.033936667	1.031966667	1.028603333	1.028403333	1.018073333	1.012436667	0.99723	0.981396667	0.961686667	0.939473333	0.91483	0.881193333	0.837633333	0.344163333
1.031253333	1.032736667	1.032506667	1.032473333	1.03054	1.026376667	1.023463333	1.020116667	1.006413333	0.994543333	0.98233	0.95924	0.937693333	0.911543333	0.8799	0.831663333	0.351883333
1.030076667	1.03224	1.029836667	1.030266667	1.02929	1.027476667	1.02268	1.016746667	1.007103333	0.993396667	0.98054	0.95432	0.93822	0.90748	0.87522	0.829396667	0.35998
1.028683333	1.033256667	1.033516667	1.03304	1.03126	1.028226667	1.02095	1.012703333	1.004226667	0.990506667	0.98091	0.95664	0.935116667	0.904996667	0.87191	0.824393333	0.366
1.03	1.031186667	1.03039	1.030423333	1.02976	1.027193333	1.020406667	1.01573	1.00366	0.991506667	0.97729	0.95314	0.929316667	0.901256667	0.868033333	0.824533333	0.37323
1.029093333	1.033566667	1.029786667	1.028726667	1.026256667	1.019963333	1.016353333	1.01175	1.004106667	0.99348	0.971563333	0.953736667	0.92818	0.900633333	0.866813333	0.819553333	0.380816667
1.027383333	1.027993333	1.025473333	1.027573333	1.02592	1.024583333	1.018726667	1.012533333	1.002426667	0.988193333	0.97182	0.95249	0.927553333	0.896946667	0.858843333	0.812113333	0.389626667
1.02812	1.027173333	1.028103333	1.023726667	1.022923333	1.021423333	1.017986667	1.00968	1.00047	0.98926	0.970326667	0.953876667	0.92716	0.895693333	0.85651	0.81111	0.39715
1.031813333	1.027213333	1.02811	1.026756667	1.025426667	1.019546667	1.01477	1.01149	0.99993	0.98756	0.96785	0.948526667	0.922996667	0.889116667	0.855373333	0.808006667	0.404433333
1.02668	1.03016	1.027043333	1.023573333	1.02692	1.01684	1.014006667	1.00929	0.999413333	0.98578	0.96979	0.945256667	0.920536667	0.88807	0.85171	0.806163333	0.4117
1.024546667	1.02885	1.01797	1.02259	1.018796667	1.01821	1.016666667	1.00604	0.999596667	0.98369	0.966346667	0.947106667	0.918503333	0.88624	0.849463333	0.801186667	0.4168
1.02402	1.02588	1.02382	1.024366667	1.01989	1.017813333	1.014616667	1.0091	0.99671	0.98451	0.97017	0.94286	0.915296667	0.882636667	0.847406667	0.80136	0.42387
1.021883333	1.02422	1.023906667	1.021156667	1.016033333	1.01809	1.01304	1.005256667	0.995136667	0.983826667	0.968846667	0.942486667	0.908526667	0.883196667	0.843423333	0.798893333	0.431063333
1.01924	1.020956667	1.023606667	1.022946667	1.014693333	1.02	1.008786667	1.008193333	0.995303333	0.98437	0.96158	0.936033333	0.911273333	0.875386667	0.84254	0.79628	0.438883333
1.022933333	1.025336667	1.01872	1.0181	1.013326667	1.013536667	1.014093333	1.006366667	0.9965	0.980903333	0.96436	0.936343333	0.906886667	0.874396667	0.836943333	0.793613333	0.44598
1.02206	1.01986	1.018083333	1.0163	1.01438	1.01843	1.012833333	1.007076667	0.993396667	0.979203333	0.960063333	0.935273333	0.90437	0.868913333	0.833333333	0.79173	0.45291
1.02652	1.020813333	1.018866667	1.019943333	1.015413333	1.01308	1.01591	1.002223333	0.9933	0.98051	0.959523333	0.93141	0.897223333	0.86778	0.830236667	0.78568	0.459876667
1.020086667	1.019236667	1.019283333	1.01892	1.012933333	1.013253333	1.009773333	1.001606667	0.989576667	0.97479	0.956066667	0.92859	0.89906	0.86398	0.826096667	0.786923333	0.466716667
1.01715	1.019363333	1.018136667	1.018866667	1.01595	1.010376667	1.008	1.004256667	0.99007	0.9727	0.952676667	0.925113333	0.895136667	0.863	0.8251	0.78291	0.47585
1.01923	1.01999	1.013626667	1.018946667	1.013663333	1.014013333	1.00805	1.000126667	0.991273333	0.976343333	0.951853333	0.92433	0.894803333	0.86131	0.823706667	0.780813333	0.482833333
1.016713333	1.015606667	1.018126667	1.015543333	1.011653333	1.01126	1.00583	1.001653333	0.988803333	0.974226667	0.95113	0.920516667	0.89375	0.860033333	0.821266667	0.78162	0.488163333
1.017173333	1.017983333	1.014966667	1.01914	1.010666667	1.011863333	1.006416667	0.999343333	0.98674	0.969906667	0.949123333	0.919343333	0.894843333	0.855736667	0.819976667	0.779533333	0.495326667
1.016383333	1.01592	1.014293333	1.017936667	1.012126667	1.013103333	1.003563333	1.000056667	0.990513333	0.970206667	0.949113333	0.919086667	0.887643333	0.850743333	0.81659	0.77779	0.5016
1.015116667	1.014103333	1.015913333	1.014256667	1.011666667	1.009416667	1.002686667	0.99892	0.987466667	0.969726667	0.94574	0.919306667	0.88424	0.850623333	0.81688	0.777663333	0.508426667
1.01494	1.014773333	1.01395	1.009573333	1.013576667	1.006976667	1.001366667	0.996106667	0.98433	0.969323333	0.942383333	0.914006667	0.88479	0.846883333	0.81653	0.777516667	0.516726667
1.015383333	1.015633333	1.012343333	1.012176667	1.008603333	1.009036667	1.00414	0.997266667	0.984286667	0.96585	0.940683333	0.91585	0.87902	0.847746667	0.813096667	0.777216667	0.521343333
1.015516667	1.018646667	1.014336667	1.009566667	1.008826667	1.00896	1.003833333	0.99395	0.983813333	0.96571	0.941096667	0.915416667	0.875496667	0.846726667	0.81214	0.77737	0.52861
1.01258	1.014063333	1.011326667	1.01113	1.008023333	1.005826667	1.002093333	0.995233333	0.982136667	0.962483333	0.93974	0.908933333	0.876983333	0.84523	0.81133	0.776636667	0.535156667
1.014656667	1.01355	1.011176667	1.010293333	1.009203333	1.006306667	1.0019	0.99322	0.982886667	0.960326667	0.936453333	0.909373333	0.874506667	0.84246	0.81152	0.775356667	0.54186
1.015543333	1.009933333	1.01135	1.01278	1.00626	1.002536667	0.999956667	0.991533333	0.98179	0.959923333	0.936646667	0.908143333	0.871123333	0.839783333	0.811433333	0.776406667	0.548656667
1.011603333	1.00871	1.0083	1.007146667	1.006226667	1.004493333	1.00086	0.991526667	0.981553333	0.9589	0.938273333	0.906666667	0.872976667	0.839263333	0.80907	0.773376667	0.55407
1.01115	1.00811	1.00891	1.00637	1.003863333	1.00541	0.996666667	0.99184	0.979823333	0.95903	0.93562	0.9047	0.87279	0.839553333	0.806803333	0.775883333	0.56072
1.00939	1.007606667	1.010533333	1.008766667	1.00278	1.005933333	0.999296667	0.989383333	0.979143333	0.957623333	0.933836667	0.901196667	0.87118	0.83767	0.809976667	0.771886667	0.567313333
1.0097	1.01052	1.00788	1.009376667	1.007836667	1.001173333	1.001593333	0.98976	0.979996667	0.96058	0.929846667	0.901096667	0.87014	0.836326667	0.80701	0.772586667	0.576246667
1.010636667	1.008613333	1.006543333	1.006073333	1.006206667	1.00384	1.001406667	0.989246667	0.975933333	0.956266667	0.935253333	0.901716667	0.867483333	0.83625	0.80611	0.771053333	0.58261
1.008096667	1.008943333	1.007293333	1.005146667	1.005196667	1.00231	0.998416667	0.989726667	0.976773333	0.956423333	0.929983333	0.901406667	0.868306667	0.834743333	0.804136667	0.769976667	0.588926667
1.00858	1.0065	1.006243333	1.005263333	1.004226667	1.000836667	0.997276667	0.98893	0.974476667	0.955716667	0.929376667	0.899576667	0.866036667	0.83624	0.80321	0.77199	0.595503333
1.008463333	1.008786667	1.006386667	1.001366667	1.006493333	1.001776667	0.996493333	0.98753	0.97627	0.958873333	0.93036	0.903593333	0.865993333	0.831926667	0.80192	0.768476667	0.601803333
1.008383333	1.008316667	1.00421	1.005126667	1.003723333	0.999216667	0.995353333	0.985976667	0.97166	0.9559	0.927926667	0.896453333	0.863876667	0.83245	0.800676667	0.770833333	0.607056667
1.008576667	1.011186667	1.00353	1.004213333	1.001766667	1.0014	0.996056667	0.98983	0.974063333	0.95348	0.925593333	0.89911	0.861763333	0.833433333	0.800973333	0.76709	0.61349
1.00663	1.004746667	1.003873333	1.00722	1.00327	0.998516667	0.99114	0.98525	0.971323333	0.949833333	0.927206667	0.896593333	0.866243333	0.83335	0.80375	0.768636667	0.619436667
1.004373333	1.004603333	1.00389	1.002243333	1.003696667	0.99714	0.992006667	0.982946667	0.97062	0.95022	0.92752	0.896053333	0.863586667	0.832126667	0.79956	0.77054	0.626386667
1.00438	1.002456667	1.005163333	1.005143333	0.99815	0.995416667	0.990886667	0.984956667	0.972506667	0.954833333	0.928136667	0.89668	0.865673333	0.830026667	0.799896667	0.772023333	0.632653333
1.004153333	1.005753333	1.00372	1.003276667	0.999326667	0.994036667	0.989766667	0.98434	0.970673333	0.95217	0.926436667	0.89546	0.863766667	0.831586667	0.79991	0.771353333	0.640153333
1.004813333	1.004233333	1.003546667	1.00316	1.000533333	0.997883333	0.992516667	0.981383333	0.973413333	0.952406667	0.928233333	0.89524	0.861413333	0.829886667	0.800523333	0.772133333	0.647246667
1.007916667	1.003256667	1.002746667	0.997716667	0.99858	0.99728	0.990953333	0.98302	0.971903333	0.954893333	0.92651	0.895556667	0.86101	0.827386667	0.79869	0.775316667	0.653066667
1.00068	1.004003333	0.99899	1.002066667	0.99514	0.998113333	0.990866667	0.985683333	0.969216667	0.949836667	0.92541	0.891906667	0.858323333	0.830583333	0.798946667	0.775123333	0.65538
1.001346667	1.00013	1.001283333	0.99879	0.999083333	0.999853333	0.98748	0.984063333	0.971616667	0.952626667	0.92655	0.892573333	0.86015	0.829623333	0.80059	0.77669	0.66145
1.00205	1.001776667	1.001143333	0.997276667	0.999086667	0.993203333	0.99097	0.981773333	0.970523333	0.950916667	0.924263333	0.893736667	0.860973333	0.82794	0.802513333	0.777446667	0.667506667
1.00185	1.00193	0.999303333	0.999006667	0.995443333	0.996706667	0.98702	0.981823333	0.968573333	0.948293333	0.92431	0.891413333	0.861736667	0.82841	0.802616667	0.77918	0.67355
0.997226667	0.999803333	0.99899	0.994463333	0.997593333	0.992953333	0.988016667	0.97927	0.96961	0.947866667	0.92374	0.89127	0.85749	0.827113333	0.80203	0.780293333	0.683196667
1.003166667	1.000996667	0.998656667	0.99714	0.995263333	0.993446667	0.99125	0.980763333	0.970206667	0.952723333	0.919423333	0.88978	0.858156667	0.828483333	0.802823333	0.78249	0.68903
1.002426667	1.000543333	0.998103333	0.99773	0.995033333	0.991126667	0.992543333	0.981916667	0.969156667	0.951326667	0.923176667	0.889696667	0.859076667	0.828313333	0.79985	0.78206	0.69457
1.001536667	0.998936667	0.99956	0.998813333	0.9931	0.993983333	0.992106667	0.979863333	0.96919	0.9526	0.920316667	0.891323333	0.857263333	0.82984	0.804753333	0.78212	0.700126667
0.999066667	1.001503333	1.00357	0.9954	0.99441	0.99489	0.988843333	0.982096667	0.967036667	0.948633333	0.922533333	0.891543333	0.856683333	0.831106667	0.804236667	0.78596	0.705336667
0.995536667	1.000006667	0.99715	0.995863333	0.99366	0.99403	0.992466667	0.98092	0.96901	0.946436667	0.919656667	0.88884	0.858636667	0.82705	0.804353333	0.788133333	0.71034
0.99893	1.001616667	0.9978	0.995706667	0.995766667	0.991316667	0.985276667	0.979616667	0.969763333	0.943716667	0.924386667	0.885926667	0.85803	0.83067	0.80684	0.790396667	0.71233
0.999966667	0.999283333	1.001223333	0.998816667	0.994116667	0.99011	0.987856667	0.981523333	0.968636667	0.949173333	0.9207	0.88947	0.856223333	0.828226667	0.808786667	0.790763333	0.717143333
0.99897	1.002256667	0.994286667	0.998923333	0.995563333	0.992493333	0.988366667	0.98452	0.968186667	0.945846667	0.917166667	0.88822	0.856883333	0.827906667	0.810113333	0.792856667	0.721143333
0.99811	0.999626667	0.998053333	0.99506	0.993	0.991933333	0.98973	0.980996667	0.967373333	0.945763333	0.9208	0.88758	0.856296667	0.83203	0.807206667	0.794956667	0.72626
0.998273333	1.001686667	0.996073333	0.998043333	0.996986667	0.990113333	0.987453333	0.977573333	0.9678	0.94433	0.91789	0.891143333	0.856196667	0.830166667	0.80894	0.799493333	0.7319
0.99475	1.00101	0.99354	0.99588	0.993293333	0.98895	0.986023333	0.97796	0.970613333	0.94831	0.917476667	0.88861	0.857336667	0.83195	0.815886667	0.800886667	0.73976
0.99549	0.995876667	0.997906667	0.99389	0.994523333	0.99278	0.987073333	0.97766	0.96891	0.944513333	0.91708	0.89081	0.85726	0.834116667	0.813703333	0.80288	0.744566667
0.998403333	0.993056667	0.99672	0.997066667	0.99348	0.990346667	0.989046667	0.982846667	0.967343333	0.948566667	0.919533333	0.886176667	0.857813333	0.834413333	0.815553333	0.804333333	0.747606667
0.99699	0.997463333	0.993853333	0.99594	0.99346	0.990296667	0.982776667	0.97985	0.96352	0.945733333	0.91938	0.88765	0.857676667	0.834733333	0.81648	0.80303	0.74997
0.998906667	0.99502	0.995096667	0.99413	0.99036	0.990716667	0.98407	0.977953333	0.96841	0.94746	0.917546667	0.887316667	0.856596667	0.832546667	0.8207	0.809476667	0.759136667
0.994733333	0.996726667	0.99246	0.99442	0.99084	0.990743333	0.988223333	0.976283333	0.965543333	0.945636667	0.922076667	0.887286667	0.85768	0.83334	0.81821	0.807563333	0.761786667
0.99322	0.999783333	0.996766667	0.990606667	0.99462	0.990243333	0.98213	0.9729	0.962156667	0.944013333	0.92005	0.889746667	0.85906	0.836896667	0.81943	0.81527	0.766173333
0.99318	0.992656667	0.995703333	0.993033333	0.992736667	0.985563333	0.983606667	0.972793333	0.9659	0.94223	0.917436667	0.89091	0.85967	0.839646667	0.82354	0.814746667	0.770506667
0.996613333	0.9949	0.995326667	0.9924	0.98896	0.986923333	0.982026667	0.975306667	0.961796667	0.94482	0.91775	0.888453333	0.860626667	0.839413333	0.827096667	0.81378	0.774983333
0.9965	0.995493333	0.994483333	0.99462	0.991133333	0.989966667	0.986886667	0.972643333	0.965013333	0.944123333	0.91726	0.888943333	0.862793333	0.839096667	0.828403333	0.82168	0.778383333
0.995013333	0.995553333	0.996703333	0.988323333	0.991263333	0.99005	0.983546667	0.972966667	0.962546667	0.942733333	0.91918	0.88762	0.862053333	0.840893333	0.830376667	0.82409	0.782646667
0.997833333	0.995196667	0.99309	0.994643333	0.98927	0.987823333	0.9832	0.977216667	0.964493333	0.943286667	0.918783333	0.88851	0.863403333	0.84425	0.831326667	0.825403333	0.78866
0.997626667	0.992926667	0.998276667	0.993286667	0.98997	0.986716667	0.98272	0.974066667	0.962273333	0.945323333	0.917703333	0.891113333	0.864463333	0.845136667	0.834386667	0.82652	0.79278
0.99169	0.993543333	0.99177	0.988743333	0.988446667	0.990006667	0.984526667	0.975776667	0.9627	0.941383333	0.9178	0.889633333	0.86834	0.849833333	0.83673	0.83056	0.796003333
0.994816667	0.993366667	0.989873333	0.990336667	0.98941	0.985583333	0.982113333	0.973283333	0.96059	0.947343333	0.916153333	0.890016667	0.865586667	0.846176667	0.83743	0.831486667	0.80006
0.994603333	0.99489	0.9886	0.993983333	0.990833333	0.988613333	0.98856	0.97567	0.962876667	0.948366667	0.92038	0.890386667	0.86886	0.852856667	0.843386667	0.835056667	0.803966667
0.991883333	0.99283	0.99063	0.993783333	0.9904	0.986586667	0.984883333	0.976033333	0.96262	0.9467	0.923116667	0.891903333	0.871313333	0.85112	0.846463333	0.83501	0.807793333
0.994883333	0.994626667	0.991416667	0.991313333	0.98965	0.984456667	0.984163333	0.976126667	0.96027	0.94363	0.919193333	0.890883333	0.870596667	0.85646	0.844946667	0.839853333	0.810466667
0.996823333	0.994736667	0.991636667	0.99102	0.988393333	0.985386667	0.98302	0.976703333	0.963613333	0.94752	0.921006667	0.895853333	0.87169	0.855886667	0.846913333	0.842543333	0.81431
0.989623333	0.994793333	0.992043333	0.989306667	0.987383333	0.98645	0.982536667	0.976353333	0.965316667	0.946226667	0.920146667	0.89627	0.875766667	0.858783333	0.849113333	0.84305	0.816716667
0.993203333	0.992826667	0.992826667	0.990263333	0.98961	0.9857	0.985716667	0.97685	0.964543333	0.94611	0.922003333	0.898066667	0.87555	0.862846667	0.851866667	0.846553333	0.824183333
0.988773333	0.991273333	0.98963	0.988323333	0.988776667	0.98798	0.9822	0.974596667	0.964016667	0.946516667	0.923053333	0.896843333	0.87753	0.863083333	0.856236667	0.850026667	0.828033333
0.992166667	0.99192	0.990436667	0.98816	0.98896	0.98239	0.983733333	0.973243333	0.965133333	0.948496667	0.92269	0.89898	0.879663333	0.862223333	0.854536667	0.854806667	0.83089
0.99241	0.991036667	0.98988	0.986456667	0.99122	0.986186667	0.983323333	0.974846667	0.962766667	0.94613	0.921476667	0.902683333	0.877366667	0.864083333	0.8592	0.855553333	0.830926667
0.991993333	0.99532	0.993373333	0.98936	0.99062	0.982043333	0.981223333	0.974626667	0.96021	0.944486667	0.922003333	0.901363333	0.877896667	0.87075	0.861546667	0.859666667	0.838026667
0.990473333	0.988913333	0.994243333	0.988676667	0.986806667	0.985726667	0.977553333	0.969953333	0.960776667	0.946313333	0.922553333	0.899973333	0.88088	0.870713333	0.86609	0.85833	0.841666667
0.99371	0.99381	0.987446667	0.988543333	0.99028	0.985113333	0.981863333	0.971073333	0.963903333	0.945756667	0.92528	0.898316667	0.887513333	0.87319	0.864886667	0.863776667	0.845376667
0.991116667	0.99271	0.992213333	0.99004	0.990623333	0.98632	0.980033333	0.97318	0.95976	0.94724	0.92897	0.90207	0.8867	0.877333333	0.869083333	0.865516667	0.849036667
0.99018	0.99188	0.989283333	0.98871	0.983733333	0.985783333	0.97686	0.969386667	0.960506667	0.948953333	0.925	0.901673333	0.889506667	0.876546667	0.87138	0.86948	0.852863333
0.990113333	0.9903	0.987333333	0.986463333	0.982536667	0.983046667	0.978616667	0.974786667	0.96131	0.944653333	0.92822	0.907253333	0.890686667	0.881396667	0.87525	0.87391	0.855833333
0.99087	0.989103333	0.989873333	0.9878	0.985456667	0.983656667	0.980933333	0.971213333	0.963263333	0.946036667	0.92878	0.909623333	0.89125	0.88324	0.877726667	0.876476667	0.859443333
0.992526667	0.990446667	0.986713333	0.989863333	0.98655	0.980893333	0.975816667	0.972873333	0.959456667	0.946943333	0.931156667	0.907903333	0.89583	0.885493333	0.880246667	0.87928	0.861393333
0.99174	0.988076667	0.99022	0.98625	0.981746667	0.98391	0.977833333	0.973136667	0.96175	0.944923333	0.92889	0.91504	0.89927	0.88773	0.88147	0.879806667	0.864976667
0.99178	0.989133333	0.98785	0.986013333	0.98441	0.984223333	0.979176667	0.97488	0.962833333	0.946963333	0.931623333	0.913373333	0.89972	0.891443333	0.886436667	0.882846667	0.870813333
0.989413333	0.987416667	0.988793333	0.990506667	0.98508	0.984686667	0.976903333	0.972603333	0.964713333	0.95092	0.93467	0.915573333	0.90334	0.892006667	0.88618	0.88583	0.874316667
0.992476667	0.98955	0.98939	0.98674	0.98493	0.982456667	0.979853333	0.975466667	0.96804	0.952363333	0.93671	0.918206667	0.905936667	0.892513333	0.890536667	0.88703	0.875576667
0.99062	0.98684	0.986376667	0.989483333	0.985313333	0.98192	0.977536667	0.972706667	0.963863333	0.951093333	0.939816667	0.921813333	0.908973333	0.89844	0.891933333	0.89352	0.879033333
0.9893	0.988916667	0.989976667	0.988746667	0.985496667	0.984423333	0.979046667	0.97556	0.966343333	0.95185	0.939123333	0.922796667	0.909076667	0.89883	0.896896667	0.892226667	0.8851
0.988346667	0.988083333	0.98756	0.986546667	0.983693333	0.983486667	0.979613333	0.972453333	0.96794	0.955366667	0.94135	0.924053333	0.912103333	0.90535	0.90191	0.898503333	0.888583333
0.989796667	0.98851	0.987783333	0.985893333	0.985293333	0.985033333	0.981706667	0.972153333	0.964126667	0.95321	0.94092	0.924063333	0.912433333	0.907493333	0.902606667	0.90202	0.892223333
0.99042	0.988356667	0.98994	0.981033333	0.988616667	0.982626667	0.98211	0.975446667	0.96776	0.957776667	0.94163	0.930093333	0.91849	0.910153333	0.906866667	0.90466	0.89437
0.9877	0.986193333	0.991716667	0.98764	0.986113333	0.982396667	0.98105	0.977163333	0.969343333	0.95638	0.945616667	0.930756667	0.919933333	0.911996667	0.906573333	0.905946667	0.897516667
0.988336667	0.988226667	0.988473333	0.986023333	0.987156667	0.98557	0.98011	0.97713	0.96999	0.959283333	0.946276667	0.930943333	0.920726667	0.91399	0.91012	0.909653333	0.90125
0.987916667	0.986016667	0.98912	0.986963333	0.984046667	0.985723333	0.982076667	0.973046667	0.970133333	0.957806667	0.946476667	0.93125	0.922933333	0.91599	0.916146667	0.9093	0.903226667
0.988953333	0.98799	0.98572	0.985953333	0.984336667	0.984236667	0.97985	0.97722	0.965123333	0.960993333	0.94584	0.934103333	0.924543333	0.920546667	0.91555	0.913496667	0.904556667
0.987546667	0.98679	0.98947	0.9873	0.98522	0.98272	0.98281	0.977183333	0.969923333	0.957633333	0.94709	0.934686667	0.926563333	0.919706667	0.916396667	0.91674	0.909063333
0.98903	0.988096667	0.987043333	0.983083333	0.98357	0.983176667	0.979796667	0.977766667	0.97099	0.959423333	0.95011	0.937926667	0.928786667	0.923193333	0.920303333	0.91831	0.911406667
0.985443333	0.986016667	0.987163333	0.983643333	0.983683333	0.981093333	0.97901	0.980013333	0.972136667	0.962256667	0.94783	0.938546667	0.931886667	0.927476667	0.923876667	0.918573333	0.913586667
0.98977	0.988443333	0.988246667	0.985956667	0.98548	0.98745	0.979146667	0.979216667	0.970613333	0.959476667	0.947806667	0.93998	0.9333	0.92514	0.925066667	0.923466667	0.915913333
0.988743333	0.98537	0.990233333	0.986483333	0.986403333	0.98765	0.9793	0.973673333	0.972803333	0.963856667	0.95119	0.939943333	0.932266667	0.928876667	0.927443333	0.92232	0.916303333
0.98885	0.98841	0.989526667	0.98907	0.98557	0.98335	0.97903	0.97751	0.97225	0.96485	0.950333333	0.94216	0.935583333	0.927893333	0.925393333	0.924163333	0.918376667
0.985996667	0.987246667	0.986843333	0.988116667	0.988506667	0.98562	0.979753333	0.97807	0.973313333	0.961996667	0.953693333	0.94157	0.935286667	0.930836667	0.930673333	0.923053333	0.92139
0.9874	0.98789	0.990523333	0.98528	0.985693333	0.982303333	0.983216667	0.976576667	0.968896667	0.959366667	0.954736667	0.94033	0.93942	0.93011	0.928853333	0.926	0.923446667
0.988023333	0.991273333	0.98603	0.985566667	0.984196667	0.981976667	0.982096667	0.978336667	0.971936667	0.964896667	0.957556667	0.941486667	0.940626667	0.93456	0.929526667	0.930203333	0.927663333
0.989116667	0.987343333	0.98824	0.98406	0.982973333	0.983263333	0.982096667	0.978493333	0.968306667	0.965096667	0.957083333	0.945886667	0.939623333	0.935333333	0.933816667	0.930456667	0.929586667
0.987933333	0.98633	0.989363333	0.986146667	0.984096667	0.9848	0.980256667	0.97652	0.973516667	0.96518	0.95488	0.94889	0.940993333	0.935303333	0.93452	0.932403333	0.926933333
0.98658	0.98755	0.9857	0.990716667	0.984046667	0.981296667	0.9803	0.977583333	0.971766667	0.96762	0.958833333	0.947503333	0.94196	0.938346667	0.935566667	0.933676667	0.92866
0.986296667	0.987673333	0.985943333	0.987276667	0.98805	0.983006667	0.98094	0.974463333	0.97894	0.966063333	0.958646667	0.948736667	0.94254	0.938563333	0.9375	0.935273333	0.934526667
0.987673333	0.987883333	0.98623	0.987756667	0.985503333	0.979126667	0.98231	0.979733333	0.9746	0.968386667	0.957903333	0.948496667	0.944803333	0.939033333	0.936663333	0.934456667	0.93645
0.988616667	0.985886667	0.98787	0.988166667	0.9851	0.983853333	0.984123333	0.98043	0.975886667	0.967463333	0.958046667	0.951833333	0.945186667	0.942373333	0.940823333	0.941723333	0.939166667
0.987713333	0.986893333	0.98699	0.986766667	0.983403333	0.98391	0.983506667	0.981243333	0.97751	0.968953333	0.961166667	0.954336667	0.946836667	0.945496667	0.939716667	0.939333333	0.93702
0.985836667	0.988196667	0.992236667	0.986806667	0.985116667	0.985033333	0.979226667	0.977723333	0.973206667	0.967623333	0.963563333	0.957383333	0.949266667	0.94319	0.9419	0.941516667	0.938913333
0.989116667	0.98361	0.9874	0.98842	0.982543333	0.98433	0.982116667	0.980583333	0.972343333	0.972716667	0.960593333	0.954686667	0.951323333	0.948183333	0.947066667	0.945846667	0.94187
0.9866	0.985506667	0.988993333	0.98724	0.98614	0.982386667	0.982623333	0.97803	0.975396667	0.971956667	0.96546	0.96051	0.950513333	0.949016667	0.94681	0.947333333	0.944083333
0.98931	0.987403333	0.984546667	0.987403333	0.984273333	0.983243333	0.980676667	0.983556667	0.975493333	0.970853333	0.96093	0.957676667	0.954453333	0.94834	0.950106667	0.945473333	0.945086667
0.988553333	0.98939	0.988213333	0.987306667	0.983623333	0.983483333	0.982143333	0.979493333	0.977396667	0.971333333	0.965746667	0.959016667	0.957676667	0.950043333	0.9487	0.946726667	0.947203333
0.98506	0.987903333	0.986733333	0.988303333	0.98436	0.98306	0.982846667	0.978613333	0.974973333	0.972436667	0.96669	0.956903333	0.9545	0.95003	0.95256	0.951193333	0.948446667
0.98767	0.987326667	0.987373333	0.988033333	0.981966667	0.984576667	0.98133	0.98053	0.97702	0.971726667	0.96495	0.958843333	0.956173333	0.954293333	0.948686667	0.95155	0.949653333
0.983756667	0.986316667	0.986336667	0.984883333	0.98447	0.98132	0.98188	0.980833333	0.981106667	0.97192	0.96286	0.962993333	0.95577	0.955423333	0.95209	0.952846667	0.950916667
0.986273333	0.986783333	0.98072	0.98234	0.986386667	0.982963333	0.982606667	0.979163333	0.978636667	0.970916667	0.966293333	0.960756667	0.959773333	0.95429	0.953246667	0.953796667	0.951496667
0.98845	0.987673333	0.98783	0.98725	0.984666667	0.983673333	0.98311	0.980903333	0.976803333	0.977486667	0.96759	0.960313333	0.95922	0.9555	0.952626667	0.95361	0.952596667
0.98479	0.986223333	0.98874	0.9857	0.98863	0.982536667	0.9819	0.979733333	0.979256667	0.97369	0.967473333	0.964966667	0.963586667	0.957336667	0.956283333	0.9565	0.95541
0.98671	0.983996667	0.986676667	0.985166667	0.986703333	0.985663333	0.982686667	0.979546667	0.978466667	0.972003333	0.967206667	0.9623	0.961543333	0.959986667	0.957293333	0.955273333	0.956526667
0.985596667	0.98797	0.98551	0.987106667	0.984273333	0.982616667	0.98288	0.97986	0.980133333	0.97375	0.968973333	0.966343333	0.958416667	0.95872	0.95601	0.958533333	0.954
0.98651	0.98453	0.987186667	0.986706667	0.983426667	0.984153333	0.983293333	0.980973333	0.979933333	0.974473333	0.967506667	0.965463333	0.963596667	0.96022	0.95851	0.9567	0.955093333
0.98616	0.985146667	0.985403333	0.986606667	0.983266667	0.98703	0.986333333	0.980003333	0.9831	0.976156667	0.9726	0.965963333	0.962906667	0.958623333	0.959996667	0.959346667	0.95917
0.986583333	0.986276667	0.987343333	0.985826667	0.984276667	0.985923333	0.97956	0.97962	0.980033333	0.976656667	0.968776667	0.96784	0.962626667	0.963276667	0.961523333	0.96132	0.96019
0.985103333	0.983073333	0.986676667	0.98515	0.984806667	0.982766667	0.98298	0.98462	0.97816	0.975773333	0.970826667	0.96582	0.965766667	0.963496667	0.957946667	0.956373333	0.96071
0.986263333	0.9868	0.986356667	0.983966667	0.983286667	0.98343	0.98194	0.982746667	0.980246667	0.97468	0.96961	0.96672	0.963253333	0.965453333	0.96363	0.958513333	0.961816667
0.986226667	0.98792	0.984886667	0.987816667	0.985106667	0.984523333	0.983773333	0.981686667	0.98252	0.97723	0.97185	0.968066667	0.962416667	0.96051	0.95944	0.958903333	0.96277
0.988016667	0.98724	0.984946667	0.985243333	0.98531	0.9854	0.982116667	0.981983333	0.98015	0.977956667	0.975086667	0.971686667	0.966856667	0.96473	0.9614	0.96131	0.962876667
0.989363333	0.98551	0.985296667	0.988043333	0.987193333	0.987456667	0.980886667	0.981846667	0.983946667	0.976303333	0.96958	0.96781	0.970046667	0.968686667	0.964753333	0.96876	0.964006667
0.98771	0.982486667	0.984363333	0.984756667	0.98154	0.9864	0.985723333	0.983653333	0.97966	0.979833333	0.977086667	0.968363333	0.965403333	0.96205	0.96519	0.962276667	0.965396667
0.985886667	0.98804	0.98428	0.985366667	0.983866667	0.985046667	0.984943333	0.982843333	0.978473333	0.9784	0.976323333	0.969293333	0.96757	0.9688	0.967633333	0.96486	0.96701
0.98664	0.98407	0.987686667	0.986553333	0.983033333	0.98601	0.981596667	0.981736667	0.98186	0.98018	0.97274	0.969313333	0.972596667	0.968083333	0.969143333	0.965876667	0.96756
0.98834	0.986166667	0.985643333	0.98647	0.98474	0.98349	0.984366667	0.979553333	0.978266667	0.97782	0.971996667	0.971993333	0.96836	0.969176667	0.96796	0.966573333	0.96323
0.989506667	0.985743333	0.98652	0.985636667	0.984563333	0.986356667	0.983906667	0.98349	0.981973333	0.97801	0.97651	0.973163333	0.96731	0.970793333	0.967676667	0.968516667	0.96646
0.984153333	0.98594	0.98594	0.983933333	0.984616667	0.982223333	0.984876667	0.985486667	0.981286667	0.97932	0.975846667	0.970346667	0.967646667	0.970076667	0.96685	0.969153333	0.967096667
0.987726667	0.987216667	0.98444	0.98711	0.981896667	0.985623333	0.98254	0.98173	0.978426667	0.979236667	0.975196667	0.971226667	0.974873333	0.97088	0.967356667	0.969946667	0.967603333
0.986126667	0.986203333	0.985973333	0.985343333	0.985486667	0.98573	0.983963333	0.982536667	0.98273	0.975223333	0.976653333	0.97238	0.971153333	0.97143	0.970986667	0.966456667	0.968476667
0.988763333	0.982233333	0.988103333	0.985806667	0.983693333	0.98643	0.98589	0.979963333	0.98159	0.977226667	0.978276667	0.974	0.972386667	0.971746667	0.970146667	0.96704	0.969063333
0.983063333	0.98308	0.987716667	0.985353333	0.985736667	0.984923333	0.98248	0.980363333	0.981116667	0.98107	0.978206667	0.97707	0.975363333	0.97218	0.97068	0.96757	0.974023333
0.986796667	0.98605	0.983606667	0.981486667	0.984723333	0.98325	0.98079	0.98353	0.98502	0.979026667	0.97847	0.975806667	0.972733333	0.969816667	0.971293333	0.96818	0.974636667
0.986906667	0.988543333	0.98477	0.98441	0.986446667	0.984796667	0.983036667	0.983	0.981876667	0.980213333	0.978413333	0.975356667	0.973706667	0.97373	0.974623333	0.971856667	0.974953333
0.98462	0.984236667	0.989456667	0.98343	0.98674	0.98543	0.983883333	0.981193333	0.984293333	0.981423333	0.976843333	0.976313333	0.97316	0.9761	0.975183333	0.97343	0.97551
0.984636667	0.986366667	0.985206667	0.986663333	0.9857	0.983353333	0.982416667	0.984516667	0.980006667	0.979006667	0.977406667	0.976756667	0.976633333	0.976696667	0.97319	0.974026667	0.972106667
0.986313333	0.984976667	0.985316667	0.984943333	0.983423333	0.983683333	0.985453333	0.98138	0.984036667	0.982246667	0.9802	0.97731	0.975763333	0.97138	0.973703333	0.97228	0.97262
0.98463	0.986266667	0.986213333	0.983376667	0.983486667	0.985013333	0.98362	0.98405	0.98105	0.9781	0.97826	0.977523333	0.977923333	0.977223333	0.973956667	0.97281	0.974333333
0.984706667	0.9857	0.98571	0.983953333	0.98444	0.98616	0.9855	0.985526667	0.980956667	0.983686667	0.978523333	0.975596667	0.979786667	0.975803333	0.974293333	0.97673	0.974823333
0.987043333	0.984846667	0.987613333	0.98714	0.98067	0.982263333	0.985593333	0.98294	0.980543333	0.982023333	0.98072	0.974916667	0.975333333	0.976996667	0.976523333	0.975716667	0.976013333
0.98696	0.986613333	0.986656667	0.983243333	0.98408	0.984053333	0.984206667	0.98377	0.98235	0.983726667	0.97862	0.97765	0.974583333	0.974926667	0.976343333	0.9752	0.97392
0.987586667	0.98548	0.984783333	0.98505	0.984626667	0.983753333	0.983973333	0.98427	0.982236667	0.9839	0.980786667	0.97694	0.976533333	0.976266667	0.977376667	0.975726667	0.974363333
0.988013333	0.985996667	0.98762	0.986646667	0.98264	0.98395	0.98402	0.98162	0.980106667	0.980716667	0.983523333	0.98167	0.9773	0.977753333	0.977783333	0.97921	0.975356667
0.98646	0.986006667	0.987426667	0.98756	0.986136667	0.984516667	0.98651	0.98241	0.98487	0.978783333	0.980896667	0.980803333	0.978483333	0.97763	0.976193333	0.97776	0.974993333
0.98888	0.983883333	0.98529	0.983046667	0.98157	0.983886667	0.982313333	0.979773333	0.98379	0.981936667	0.981663333	0.977553333	0.975703333	0.977563333	0.9774	0.97766	0.976663333
0.983906667	0.98621	0.986043333	0.989393333	0.988076667	0.98529	0.984526667	0.978823333	0.98374	0.982756667	0.98063	0.980713333	0.976936667	0.978073333	0.977393333	0.978006667	0.97429
0.986826667	0.985996667	0.983576667	0.986813333	0.986153333	0.98372	0.98598	0.983056667	0.984453333	0.981603333	0.982276667	0.980806667	0.976953333	0.97676	0.977746667	0.977286667	0.974643333
0.98446	0.987416667	0.98665	0.985173333	0.986676667	0.98589	0.983176667	0.983893333	0.98466	0.98495	0.981506667	0.978456667	0.977233333	0.977036667	0.978796667	0.977563333	0.97492
0.988466667	0.985833333	0.986116667	0.985343333	0.98625	0.98796	0.98651	0.983123333	0.988663333	0.981813333	0.98223	0.98112	0.98223	0.975286667	0.980333333	0.980493333	0.97521
0.988433333	0.986203333	0.98547	0.986216667	0.9837	0.985246667	0.98453	0.986133333	0.983086667	0.98431	0.981553333	0.98485	0.97837	0.98082	0.980193333	0.975296667	0.979663333
0.987183333	0.988123333	0.984803333	0.980836667	0.98512	0.985106667	0.98765	0.98629	0.982633333	0.981286667	0.980706667	0.981936667	0.978233333	0.981096667	0.980343333	0.97556	0.979926667
0.988476667	0.986046667	0.985896667	0.98484	0.98461	0.984656667	0.9834	0.988076667	0.982643333	0.982646667	0.981873333	0.981046667	0.976546667	0.98154	0.98057	0.975783333	0.981226667
0.986316667	0.98838	0.983876667	0.98725	0.98832	0.987516667	0.986463333	0.983186667	0.985383333	0.984446667	0.982143333	0.984713333	0.981116667	0.9818	0.98083	0.976043333	0.981486667
0.984466667	0.98361	0.98412	0.9813	0.985556667	0.986226667	0.985506667	0.983813333	0.984583333	0.983953333	0.9803	0.980476667	0.981393333	0.982076667	0.981106667	0.976316667	0.983403333
0.987846667	0.983823333	0.98547	0.985426667	0.984383333	0.985203333	0.98514	0.986286667	0.984413333	0.98289	0.983113333	0.97885	0.98263	0.98015	0.98139	0.981616667	0.98369
0.986003333	0.98441	0.989266667	0.98782	0.985643333	0.985496667	0.985303333	0.98204	0.982893333	0.98202	0.984	0.980383333	0.982883333	0.9804	0.983213333	0.981866667	0.98267
0.980496667	0.98184	0.984133333	0.986123333	0.984813333	0.98626	0.98552	0.984153333	0.986856667	0.981093333	0.984856667	0.979936667	0.977166667	0.979456667	0.982246667	0.98063	0.982963333
0.987923333	0.98876	0.98582	0.985106667	0.9843	0.982216667	0.98547	0.98596	0.98406	0.985773333	0.982613333	0.980826667	0.984276667	0.979763333	0.98376	0.980936667	0.98108
0.982903333	0.983533333	0.987163333	0.984293333	0.984366667	0.986696667	0.98505	0.98336	0.98323	0.981076667	0.980536667	0.979906667	0.97981	0.981736667	0.98405	0.98058	0.98137
0.98923	0.984503333	0.984196667	0.985496667	0.986496667	0.98666	0.984256667	0.98028	0.981896667	0.982506667	0.984583333	0.98016	0.981126667	0.98199	0.984306667	0.980833333	0.9821
0.98358	0.988466667	0.985393333	0.987863333	0.988306667	0.985873333	0.984836667	0.984993333	0.980776667	0.98352	0.982336667	0.981983333	0.983436667	0.982263333	0.983086667	0.981323333	0.980143333
0.987863333	0.98668	0.986666667	0.984873333	0.988543333	0.986063333	0.981136667	0.98619	0.98495	0.984316667	0.981633333	0.98319	0.983723333	0.980306667	0.98147	0.981606667	0.980426667
0.98771	0.984156667	0.984573333	0.98584	0.98543	0.986393333	0.986896667	0.98615	0.98288	0.98552	0.984536667	0.984203333	0.98238	0.982743333	0.98167	0.981886667	0.982846667
0.986256667	0.986006667	0.987636667	0.98797	0.985316667	0.988923333	0.986266667	0.984016667	0.986653333	0.98098	0.98274	0.985803333	0.982586667	0.98295	0.984563333	0.982326667	0.979526667
0.985723333	0.986233333	0.987603333	0.987056667	0.984646667	0.98551	0.987733333	0.985156667	0.986203333	0.983783333	0.981636667	0.986466667	0.98074	0.98274	0.9819	0.982026667	0.9815
0.986833333	0.987136667	0.98584	0.98379	0.98507	0.985313333	0.98463	0.98281	0.9846	0.9862	0.98526	0.981396667	0.981023333	0.98364	0.985133333	0.98224	0.982743333
0.989936667	0.984803333	0.986076667	0.98674	0.98679	0.985003333	0.985526667	0.98547	0.983356667	0.983933333	0.983703333	0.982523333	0.982643333	0.985766667	0.985313333	0.982676667	0.982923333
0.9872	0.983696667	0.987483333	0.985846667	0.987336667	0.981636667	0.985366667	0.983983333	0.982953333	0.98365	0.982806667	0.98035	0.983263333	0.982176667	0.98325	0.982833333	0.983083333
0.986836667	0.98749	0.983713333	0.982516667	0.98349	0.987426667	0.982943333	0.981156667	0.985933333	0.98242	0.9831	0.984153333	0.98381	0.983276667	0.98338	0.98302	0.983213333
0.98916	0.98434	0.985406667	0.98399	0.98363	0.986103333	0.987656667	0.981126667	0.98448	0.983093333	0.980323333	0.98171	0.983896667	0.9834	0.98431	0.98289	0.983726667
0.98896	0.986206667	0.98672	0.983593333	0.984083333	0.988036667	0.987126667	0.98329	0.986256667	0.9822	0.98414	0.98188	0.983976667	0.982433333	0.981846667	0.98297	0.98578
0.985996667	0.985543333	0.986533333	0.984956667	0.985203333	0.984653333	0.98283	0.987213333	0.98414	0.987236667	0.986423333	0.985336667	0.98193	0.980013333	0.981976667	0.9831	0.985906667
