99.3234	99.316	99.3078	99.2965	99.279	99.2497	99.1992	99.1092	98.9766	98.7726	98.4795	98.1115	97.5507	96.6913	95.3113	92.843	63.8057
99.3338	99.3267	99.3193	99.3081	99.2919	99.2637	99.2114	99.1199	98.9809	98.775	98.4775	98.0973	97.5458	96.6967	95.3107	92.9404	64.666
99.3445	99.338	99.3311	99.3184	99.3019	99.272	99.2211	99.1268	98.9793	98.7737	98.4709	98.0809	97.5369	96.6941	95.2849	92.9203	65.5308
99.3531	99.347	99.3396	99.3279	99.3083	99.2759	99.2207	99.1228	98.9762	98.7685	98.4624	98.0702	97.5205	96.6972	95.2953	92.9634	66.3628
99.3622	99.3549	99.3483	99.3343	99.3151	99.2806	99.2236	99.1249	98.9771	98.7679	98.4636	98.0731	97.5398	96.7228	95.3196	92.9861	67.2065
99.3714	99.3644	99.3551	99.3424	99.3224	99.2899	99.2317	99.132	98.9818	98.7641	98.4664	98.0915	97.5479	96.7425	95.3684	92.9568	68.0206
99.3825	99.375	99.367	99.356	99.3343	99.299	99.2392	99.1353	98.9875	98.7771	98.4896	98.1015	97.5748	96.7722	95.3865	92.9975	68.8613
99.3925	99.3857	99.3765	99.3632	99.3398	99.3055	99.2473	99.1434	98.9972	98.7894	98.5047	98.1247	97.6021	96.8143	95.4468	93.039	69.6917
99.4034	99.3957	99.3872	99.3732	99.351	99.314	99.2524	99.1495	99.0104	98.8025	98.5221	98.1402	97.6263	96.8553	95.4573	93.0743	70.4783
99.4128	99.4058	99.3966	99.3823	99.3592	99.3204	99.2584	99.1566	99.0226	98.8166	98.5334	98.1575	97.6595	96.8822	95.4997	93.1012	71.2586
99.4235	99.4156	99.4064	99.3919	99.3685	99.3298	99.2672	99.1721	99.0396	98.829	98.552	98.1755	97.7021	96.8972	95.5292	93.1565	72.0334
99.4353	99.4278	99.4184	99.4049	99.3813	99.3426	99.2814	99.1875	99.0488	98.8479	98.5732	98.2097	97.7219	96.9204	95.549	93.2124	72.7644
99.4455	99.4377	99.4268	99.4107	99.3868	99.3502	99.2889	99.197	99.0615	98.8614	98.5837	98.2281	97.7384	96.9334	95.5609	93.2563	73.4948
99.4554	99.4466	99.4359	99.4217	99.397	99.3607	99.2976	99.2111	99.0743	98.8751	98.6088	98.2507	97.7634	96.9561	95.6035	93.3184	74.2234
99.4657	99.4574	99.4469	99.4312	99.4089	99.3714	99.3148	99.2271	99.0899	98.8945	98.6291	98.2776	97.7846	96.9809	95.6197	93.369	74.9227
99.4752	99.4667	99.4567	99.4411	99.4193	99.3854	99.3252	99.2384	99.1054	98.9098	98.6501	98.2897	97.7905	96.9936	95.6352	93.4295	75.6271
99.4844	99.476	99.4655	99.4506	99.4285	99.3925	99.3341	99.2507	99.119	98.9268	98.6639	98.3038	97.8103	97.0079	95.6811	93.4969	76.2937
99.4937	99.4862	99.474	99.4587	99.4368	99.3991	99.3439	99.2596	99.1307	98.9408	98.6768	98.3098	97.8266	97.0346	95.684	93.5881	76.9109
99.5022	99.495	99.4826	99.4659	99.4442	99.4085	99.3534	99.2701	99.1428	98.9477	98.684	98.3322	97.8227	97.0523	95.7002	93.6064	77.5433
99.5104	99.5021	99.4899	99.4732	99.4515	99.4158	99.3646	99.2811	99.1551	98.9595	98.6985	98.3362	97.8357	97.068	95.7362	93.6204	78.1196
99.5203	99.5121	99.5001	99.4847	99.463	99.4277	99.3783	99.2956	99.1671	98.9779	98.7051	98.3431	97.8431	97.0642	95.7405	93.7192	78.738
99.5283	99.5196	99.5099	99.4949	99.4735	99.4411	99.3893	99.3081	99.1759	98.9934	98.7167	98.3519	97.8551	97.0674	95.7702	93.8126	79.3238
99.5372	99.529	99.5199	99.5039	99.4841	99.4515	99.3991	99.3202	99.1889	99.0059	98.7234	98.3465	97.8444	97.0604	95.8193	93.9045	79.9105
99.5456	99.5373	99.5277	99.5134	99.4954	99.4646	99.4128	99.3282	99.1927	99.0117	98.7282	98.3541	97.8477	97.067	95.8429	93.9703	80.495
99.5534	99.5465	99.536	99.5237	99.5054	99.4746	99.421	99.3341	99.2055	99.0205	98.7327	98.3576	97.8512	97.0727	95.871	94.0267	81.0455
99.5622	99.5548	99.5457	99.5351	99.5154	99.4823	99.4292	99.3485	99.2215	99.0304	98.7405	98.3601	97.8539	97.085	95.9018	94.1413	81.585
99.5698	99.5627	99.5545	99.5418	99.5217	99.4934	99.4416	99.3607	99.2317	99.0449	98.7548	98.3638	97.8713	97.1055	95.9446	94.2107	82.134
99.5778	99.5702	99.5606	99.5486	99.5307	99.5022	99.4513	99.3722	99.2472	99.0528	98.7619	98.3679	97.8728	97.1197	95.9844	94.3062	82.637
99.5863	99.5789	99.5696	99.5583	99.5399	99.513	99.4621	99.3824	99.2561	99.0669	98.7724	98.3803	97.8911	97.1526	96.0299	94.4054	83.1573
99.5946	99.5869	99.5786	99.5671	99.5511	99.5254	99.4758	99.3936	99.2675	99.0771	98.7824	98.3908	97.8993	97.1733	96.0828	94.512	83.6637
99.6026	99.5965	99.5876	99.5776	99.5624	99.5355	99.4845	99.4034	99.2785	99.0838	98.7861	98.3938	97.8979	97.1951	96.136	94.6244	84.1419
99.6084	99.6022	99.5942	99.5833	99.5651	99.5381	99.4873	99.4083	99.2815	99.0887	98.7908	98.3934	97.9034	97.2282	96.1835	94.7167	84.5856
99.6144	99.6084	99.6002	99.5885	99.5711	99.541	99.4902	99.4123	99.2853	99.0898	98.7958	98.3986	97.9232	97.2409	96.2527	94.8201	85.0329
99.6204	99.6143	99.606	99.594	99.575	99.5473	99.497	99.416	99.2874	99.0902	98.7999	98.4077	97.9365	97.2636	96.2935	94.9105	85.4752
99.6255	99.6193	99.6097	99.5974	99.5776	99.5517	99.5013	99.4213	99.2872	99.0895	98.7989	98.4176	97.9418	97.2791	96.3394	94.9934	85.8726
99.6314	99.6252	99.6153	99.6023	99.583	99.5558	99.5032	99.4243	99.2896	99.0909	98.8048	98.425	97.9524	97.314	96.3994	95.0841	86.2623
99.6382	99.6307	99.6224	99.6099	99.5894	99.559	99.5087	99.4282	99.297	99.0931	98.8054	98.4305	97.9689	97.3328	96.4595	95.1893	86.6588
99.6444	99.6381	99.6294	99.6153	99.5955	99.5642	99.5182	99.4386	99.3027	99.1033	98.8195	98.4496	97.9888	97.3726	96.5182	95.2635	87.0661
99.6498	99.6433	99.6339	99.619	99.5975	99.5683	99.5215	99.4434	99.3107	99.1129	98.828	98.4577	97.9981	97.4009	96.5407	95.3248	87.4531
99.6557	99.6488	99.6377	99.6232	99.6048	99.576	99.5278	99.4517	99.3244	99.1201	98.847	98.4833	98.0203	97.4335	96.6033	95.4059	87.8258
99.6623	99.6546	99.6452	99.6332	99.6132	99.586	99.5404	99.4636	99.3337	99.1304	98.8673	98.4976	98.0479	97.4664	96.6574	95.4785	88.1975
99.6695	99.6624	99.6534	99.6403	99.6248	99.5953	99.5505	99.4727	99.3448	99.1422	98.8746	98.5173	98.0816	97.4962	96.6965	95.5343	88.5674
99.6764	99.6695	99.6613	99.6498	99.6338	99.6058	99.5588	99.4852	99.3596	99.1498	98.8796	98.5322	98.097	97.5222	96.7492	95.5865	88.9287
99.6826	99.6759	99.6677	99.6561	99.6406	99.6128	99.5677	99.4886	99.3553	99.1542	98.892	98.5438	98.1163	97.5576	96.783	95.6224	89.2823
99.6884	99.6826	99.6749	99.6633	99.6482	99.62	99.572	99.4947	99.3615	99.1645	98.8961	98.5598	98.1392	97.5862	96.8104	95.7022	89.6174
99.6943	99.6889	99.6807	99.6698	99.6522	99.6245	99.5767	99.4979	99.3674	99.1711	98.9031	98.5748	98.1605	97.6088	96.8347	95.773	89.9617
99.7005	99.6945	99.6869	99.6751	99.6574	99.6282	99.5819	99.5045	99.375	99.1817	98.9121	98.5949	98.1879	97.6484	96.8791	95.8568	90.2776
99.7058	99.6995	99.6908	99.6798	99.6618	99.6343	99.5917	99.5141	99.3853	99.1871	98.9275	98.6155	98.2161	97.6815	96.9091	95.9095	90.5975
99.7117	99.7046	99.6962	99.6845	99.6691	99.6414	99.5983	99.5173	99.3958	99.2007	98.9494	98.632	98.2474	97.7061	96.9609	95.9725	90.904
99.7171	99.7095	99.7018	99.6908	99.6741	99.6455	99.6027	99.5245	99.4036	99.2121	98.9727	98.6574	98.2798	97.7375	97.0015	96.0478	91.2174
99.7237	99.717	99.7092	99.6974	99.6799	99.6509	99.6095	99.5361	99.4187	99.235	98.9941	98.6862	98.2975	97.7481	97.0375	96.1355	91.5276
99.73	99.7235	99.7154	99.7032	99.6853	99.6569	99.6163	99.544	99.4288	99.2546	99.0117	98.6991	98.3122	97.7679	97.0743	96.1984	91.8326
99.7349	99.7285	99.7202	99.7085	99.6909	99.6644	99.6291	99.5549	99.4406	99.2687	99.0274	98.7157	98.3301	97.7994	97.1147	96.2808	92.1246
99.7404	99.7337	99.7242	99.7127	99.6958	99.6723	99.6313	99.56	99.4498	99.2802	99.0445	98.7342	98.3413	97.8282	97.1642	96.38	92.4103
99.7445	99.7379	99.7286	99.7176	99.7018	99.6782	99.6343	99.5681	99.4613	99.2959	99.0586	98.7531	98.3617	97.8651	97.1989	96.4639	92.6662
99.7486	99.7436	99.7346	99.7225	99.7068	99.6835	99.6416	99.5781	99.4747	99.3092	99.0731	98.7722	98.3873	97.8903	97.2611	96.5346	92.9355
99.755	99.7494	99.7397	99.728	99.7122	99.6887	99.6503	99.588	99.4849	99.3237	99.0895	98.7879	98.4092	97.9073	97.302	96.6057	93.1902
99.7608	99.7548	99.7462	99.7345	99.7175	99.6938	99.655	99.5965	99.4966	99.339	99.104	98.7987	98.4187	97.9388	97.3589	96.6721	93.4415
99.767	99.7613	99.754	99.7394	99.7253	99.7032	99.6668	99.6049	99.5086	99.3513	99.1145	98.8105	98.442	97.9724	97.3918	96.7366	93.6742
99.7726	99.7673	99.7587	99.7457	99.7322	99.7117	99.6745	99.6158	99.5196	99.3581	99.1256	98.8261	98.4584	97.9936	97.4435	96.82	93.9035
99.778	99.7728	99.7656	99.7539	99.7407	99.718	99.6828	99.6228	99.5272	99.3696	99.1339	98.8393	98.4765	98.0258	97.4932	96.8998	94.1137
99.7826	99.7773	99.7698	99.7587	99.7459	99.7249	99.6911	99.6309	99.5338	99.3712	99.1391	98.8475	98.4933	98.0608	97.5402	96.9646	94.3126
99.7872	99.782	99.7742	99.764	99.7516	99.7311	99.6971	99.6384	99.5419	99.3805	99.1547	98.861	98.5129	98.0819	97.5764	97.0613	94.5209
99.7916	99.7857	99.7786	99.7695	99.7568	99.7368	99.7045	99.6492	99.552	99.3884	99.1611	98.8748	98.5316	98.1043	97.6192	97.1188	94.7099
99.796	99.7909	99.7849	99.7755	99.7636	99.7445	99.7125	99.6572	99.5589	99.3907	99.1714	98.8855	98.5379	98.1322	97.6521	97.1912	94.8979
99.8014	99.7966	99.7904	99.7829	99.7715	99.7523	99.722	99.6657	99.5689	99.4026	99.1861	98.8945	98.5534	98.158	97.6998	97.2726	95.0771
99.806	99.8012	99.7965	99.7882	99.7776	99.7604	99.7269	99.672	99.5742	99.407	99.1913	98.9046	98.5722	98.1838	97.7439	97.3387	95.2604
99.8102	99.8061	99.8004	99.7928	99.7821	99.764	99.7301	99.6773	99.5776	99.4141	99.2034	98.9193	98.5897	98.2117	97.7935	97.4168	95.4313
99.8143	99.81	99.8042	99.7969	99.7864	99.7675	99.734	99.6827	99.5846	99.4209	99.2108	98.9336	98.6112	98.2516	97.8502	97.4936	95.6061
99.8181	99.8135	99.8074	99.7992	99.7889	99.7712	99.7414	99.6886	99.5916	99.433	99.2282	98.9494	98.6279	98.2878	97.8918	97.5634	95.759
99.8218	99.8174	99.8114	99.8037	99.7933	99.7757	99.7481	99.695	99.5977	99.4433	99.2389	98.9581	98.6472	98.3144	97.9323	97.63	95.9084
99.8255	99.8211	99.8155	99.8084	99.799	99.7806	99.7516	99.6977	99.6038	99.4504	99.2444	98.9667	98.6662	98.3425	97.9721	97.6798	96.0548
99.8288	99.824	99.8193	99.8124	99.8013	99.7838	99.7506	99.6994	99.6073	99.4543	99.2459	98.976	98.6863	98.3698	98.0122	97.7294	96.1914
99.8322	99.8277	99.823	99.8165	99.8038	99.785	99.752	99.699	99.6068	99.4554	99.2495	98.9858	98.7003	98.3908	98.0529	97.7929	96.3271
99.8349	99.8313	99.8266	99.8174	99.8048	99.7865	99.7527	99.6988	99.6064	99.4615	99.2554	98.9922	98.718	98.4163	98.095	97.8626	96.4581
99.8377	99.8344	99.8283	99.8183	99.8059	99.7861	99.7516	99.7007	99.6106	99.4683	99.2614	99.0049	98.7352	98.4444	98.1444	97.9202	96.5772
99.8401	99.8367	99.8302	99.8216	99.8069	99.788	99.7559	99.7059	99.6185	99.4743	99.2739	99.023	98.7591	98.4682	98.203	97.9776	96.6968
99.843	99.8391	99.8325	99.8242	99.8084	99.7892	99.7564	99.7071	99.6233	99.4809	99.2816	99.0345	98.7761	98.5026	98.2432	98.0257	96.81
99.8465	99.8427	99.8362	99.8269	99.8128	99.7929	99.7618	99.7141	99.6303	99.4891	99.2915	99.0459	98.7963	98.5385	98.2791	98.072	96.9205
99.8494	99.8455	99.8388	99.8293	99.8152	99.7971	99.7672	99.7171	99.6304	99.4956	99.2961	99.0577	98.8226	98.57	98.3187	98.124	97.0269
99.8524	99.8482	99.8415	99.8322	99.8194	99.8029	99.7716	99.7205	99.6384	99.5011	99.3062	99.072	98.8382	98.5993	98.3558	98.1804	97.1267
99.8554	99.8508	99.8445	99.8366	99.825	99.8058	99.7778	99.7264	99.6441	99.5067	99.3147	99.085	98.8575	98.623	98.3945	98.2183	97.2266
99.8586	99.8542	99.8486	99.841	99.8288	99.8109	99.7823	99.7311	99.6471	99.5166	99.3255	99.1012	98.8838	98.6617	98.4331	98.2703	97.328
99.8621	99.8574	99.8522	99.8445	99.832	99.8157	99.7871	99.7371	99.6569	99.5285	99.3352	99.1156	98.9023	98.6932	98.476	98.3157	97.421
99.8658	99.8624	99.8565	99.848	99.8377	99.8205	99.7946	99.7431	99.666	99.5377	99.3464	99.1372	98.9277	98.7195	98.5168	98.3596	97.5193
99.8688	99.8648	99.8595	99.8524	99.8407	99.8262	99.7985	99.7496	99.675	99.5442	99.3569	99.1519	98.9442	98.7403	98.5508	98.3916	97.6084
99.8722	99.8684	99.8629	99.8556	99.8467	99.8319	99.8055	99.7593	99.6832	99.5513	99.3687	99.1689	98.9667	98.7673	98.5841	98.4365	97.6997
99.8751	99.8711	99.8664	99.8595	99.851	99.835	99.8101	99.7652	99.6881	99.5597	99.3767	99.1815	98.9819	98.7973	98.6214	98.4929	97.7867
99.8776	99.8734	99.8686	99.8632	99.8534	99.8394	99.815	99.7681	99.6916	99.5641	99.3863	99.1965	99.0024	98.8214	98.6576	98.5393	97.8608
99.881	99.8766	99.8725	99.8666	99.8575	99.8436	99.8219	99.7739	99.6989	99.5717	99.4018	99.2112	99.0302	98.8531	98.6944	98.5865	97.9443
99.884	99.88	99.8762	99.8689	99.8613	99.8484	99.8259	99.7784	99.7029	99.5776	99.4155	99.2265	99.0488	98.8807	98.7341	98.6316	98.0201
99.8866	99.8824	99.8788	99.8724	99.8652	99.8525	99.8289	99.7808	99.7041	99.5821	99.4241	99.2434	99.067	98.9103	98.7774	98.6813	98.0876
99.8888	99.8852	99.8814	99.8755	99.8674	99.8524	99.828	99.7809	99.7073	99.5841	99.4336	99.2579	99.092	98.9366	98.8147	98.7226	98.1556
99.891	99.8874	99.8832	99.8773	99.8684	99.8526	99.8254	99.7809	99.7076	99.5897	99.4409	99.2733	99.1148	98.9677	98.8479	98.7561	98.2207
99.8928	99.8897	99.8857	99.8786	99.8693	99.8526	99.8244	99.7792	99.7087	99.5947	99.4488	99.2874	99.1375	98.9953	98.8776	98.7925	98.2838
99.8948	99.8916	99.887	99.88	99.8684	99.8506	99.8225	99.779	99.7077	99.5965	99.4601	99.3022	99.1569	99.0245	98.9175	98.8365	98.3515
99.8967	99.8933	99.8886	99.8791	99.8659	99.8482	99.8207	99.7767	99.7094	99.6028	99.4731	99.3182	99.1809	99.0523	98.9517	98.8697	98.4143
99.8989	99.8956	99.889	99.879	99.8658	99.8468	99.8198	99.7785	99.7109	99.6098	99.4885	99.3381	99.2071	99.0792	98.9941	98.9096	98.4779
99.9011	99.8973	99.8908	99.881	99.8676	99.8482	99.8214	99.7776	99.7139	99.6163	99.4997	99.359	99.2328	99.1066	99.0223	98.9542	98.5363
99.9031	99.8988	99.8916	99.883	99.8695	99.8502	99.822	99.7811	99.7188	99.6272	99.5108	99.3772	99.2565	99.1419	99.0556	98.9873	98.5951
99.9061	99.9013	99.895	99.8852	99.8737	99.855	99.8284	99.7896	99.7268	99.6382	99.5297	99.4007	99.2831	99.1747	99.0885	99.0272	98.6559
99.9089	99.9039	99.8977	99.8887	99.8772	99.8606	99.8344	99.7976	99.7371	99.6515	99.5459	99.4218	99.3084	99.202	99.1204	99.0628	98.7111
99.9123	99.9075	99.9014	99.8928	99.8816	99.8658	99.8433	99.8072	99.7488	99.6635	99.5624	99.4406	99.333	99.2284	99.1525	99.099	98.7642
99.9156	99.911	99.9054	99.8964	99.8857	99.8706	99.8498	99.8156	99.7567	99.6751	99.5779	99.4602	99.3533	99.2546	99.1774	99.131	98.8158
99.919	99.9149	99.9089	99.9013	99.8905	99.8775	99.8568	99.8218	99.7673	99.6884	99.596	99.4818	99.3773	99.2833	99.2083	99.1624	98.866
99.9226	99.9181	99.9123	99.9043	99.8959	99.8819	99.8615	99.8286	99.7799	99.7034	99.6118	99.5025	99.3996	99.3088	99.2354	99.1919	98.9131
99.9255	99.9212	99.9156	99.9094	99.9007	99.8864	99.8679	99.8366	99.7922	99.7173	99.6284	99.521	99.4249	99.337	99.2721	99.2314	98.9595
99.9285	99.9244	99.919	99.9123	99.9039	99.8928	99.8735	99.844	99.7996	99.7296	99.6405	99.5407	99.4465	99.3611	99.2979	99.2637	99.0048
99.9314	99.9268	99.9219	99.9154	99.9077	99.8971	99.8791	99.8513	99.8096	99.7416	99.6562	99.56	99.4692	99.3863	99.3353	99.2982	99.05
99.9344	99.9302	99.925	99.9196	99.9112	99.9012	99.8855	99.8603	99.8198	99.755	99.6718	99.5796	99.4933	99.4162	99.3656	99.3245	99.0932
99.9372	99.9332	99.9287	99.9228	99.9157	99.9059	99.8917	99.8683	99.829	99.7652	99.6871	99.5989	99.5167	99.4467	99.3934	99.357	99.1366
99.9394	99.9351	99.9314	99.9262	99.9187	99.9094	99.8958	99.8737	99.8352	99.7731	99.698	99.6152	99.5337	99.4687	99.4165	99.378	99.1724
99.9413	99.9369	99.9335	99.9287	99.9223	99.9137	99.9004	99.8764	99.8377	99.779	99.7075	99.6273	99.5483	99.4893	99.4366	99.4007	99.206
99.9437	99.9404	99.9367	99.9315	99.9255	99.9167	99.9027	99.8814	99.8415	99.7873	99.7183	99.6413	99.5666	99.5074	99.4574	99.4274	99.2396
99.9455	99.9422	99.9382	99.9335	99.9271	99.9193	99.9052	99.8836	99.8463	99.7921	99.7256	99.6499	99.5786	99.5236	99.4759	99.4453	99.2683
99.9472	99.9439	99.9399	99.9358	99.9296	99.9218	99.9079	99.8887	99.8531	99.7998	99.7335	99.6614	99.5953	99.5416	99.4921	99.4603	99.2982
99.9484	99.9453	99.9416	99.937	99.9307	99.9234	99.9102	99.8904	99.8568	99.8042	99.7418	99.672	99.6092	99.5555	99.5085	99.4788	99.3236
99.9497	99.9464	99.9429	99.9381	99.933	99.9251	99.9103	99.8927	99.8584	99.8087	99.7473	99.6824	99.6221	99.5685	99.5248	99.4973	99.3511
99.952	99.9491	99.9461	99.9425	99.9372	99.9282	99.9137	99.8953	99.8624	99.8142	99.7555	99.6931	99.6369	99.5835	99.5421	99.5096	99.3753
99.9535	99.9509	99.9478	99.9437	99.938	99.931	99.9179	99.8964	99.8658	99.8206	99.7631	99.7047	99.6494	99.5996	99.5563	99.5278	99.4003
99.9555	99.9534	99.9502	99.9461	99.9408	99.9331	99.9191	99.8986	99.8698	99.8264	99.7702	99.7136	99.6594	99.6119	99.5684	99.5448	99.4271
99.957	99.9548	99.9515	99.9482	99.9434	99.9357	99.9227	99.9035	99.8719	99.8318	99.7763	99.7223	99.6698	99.6273	99.5855	99.5592	99.4543
99.9582	99.9557	99.9529	99.9495	99.9448	99.937	99.9256	99.907	99.8781	99.8373	99.7843	99.7319	99.6816	99.6414	99.6025	99.5795	99.4777
99.9596	99.9571	99.9546	99.9505	99.9462	99.9392	99.9286	99.9102	99.8831	99.8417	99.7908	99.7416	99.693	99.6528	99.615	99.594	99.5011
99.961	99.9584	99.9555	99.9519	99.9478	99.942	99.931	99.9149	99.888	99.8471	99.7992	99.75	99.7025	99.6626	99.6303	99.6105	99.5215
99.9623	99.96	99.9573	99.9543	99.9501	99.9439	99.934	99.9181	99.8912	99.8511	99.8072	99.7579	99.7127	99.6736	99.6436	99.6252	99.5412
99.9634	99.9608	99.9583	99.9556	99.9518	99.9449	99.9352	99.9195	99.8931	99.8564	99.8132	99.7675	99.722	99.6845	99.6562	99.6416	99.5625
99.9649	99.9625	99.9604	99.9576	99.9543	99.9471	99.937	99.9207	99.8954	99.8613	99.8227	99.7761	99.7337	99.6953	99.6694	99.6564	99.5822
99.9667	99.9647	99.9628	99.9603	99.9569	99.9494	99.9392	99.9245	99.9017	99.8691	99.8325	99.7871	99.7469	99.7091	99.685	99.6702	99.6049
99.968	99.9659	99.9642	99.9616	99.958	99.9506	99.9417	99.9285	99.9077	99.8766	99.8412	99.7968	99.7597	99.7227	99.6987	99.6846	99.6252
99.9694	99.9673	99.9651	99.9623	99.9583	99.9528	99.9443	99.9324	99.9114	99.8811	99.8488	99.8053	99.7682	99.7334	99.7118	99.6978	99.6423
99.9705	99.9686	99.9664	99.964	99.9605	99.9533	99.9458	99.9343	99.9135	99.8858	99.8561	99.8139	99.7764	99.7446	99.7226	99.71	99.6615
99.9718	99.9696	99.9674	99.9653	99.9609	99.9555	99.9478	99.9352	99.9168	99.8904	99.8601	99.82	99.785	99.7549	99.7333	99.7225	99.676
99.9727	99.9706	99.9685	99.9659	99.962	99.9574	99.949	99.9384	99.9207	99.895	99.8631	99.8254	99.7935	99.7651	99.7451	99.7352	99.6896
99.9736	99.9716	99.9694	99.9663	99.9634	99.9585	99.9506	99.9396	99.9226	99.8972	99.8685	99.8315	99.8016	99.7733	99.7552	99.7472	99.7016
99.9743	99.9724	99.9699	99.9672	99.9639	99.9589	99.9514	99.94	99.9235	99.8995	99.8723	99.8377	99.8085	99.781	99.7627	99.7554	99.7128
99.9749	99.9732	99.9705	99.9677	99.9643	99.9588	99.9522	99.941	99.9265	99.9015	99.878	99.8441	99.8163	99.7904	99.7726	99.7639	99.7252
99.9758	99.974	99.972	99.9692	99.9652	99.9602	99.9536	99.9428	99.9273	99.9044	99.8816	99.8499	99.8237	99.7984	99.7807	99.772	99.7363
99.9768	99.9749	99.9734	99.9708	99.9666	99.9618	99.9556	99.9445	99.9305	99.9075	99.8868	99.8551	99.8288	99.8053	99.7877	99.7794	99.7457
99.9777	99.9763	99.9743	99.9716	99.968	99.9641	99.9576	99.9467	99.9324	99.912	99.8889	99.8603	99.8347	99.8092	99.7965	99.788	99.7553
99.9784	99.977	99.9751	99.9728	99.9695	99.9651	99.9594	99.9493	99.9356	99.915	99.892	99.8662	99.8398	99.8171	99.8033	99.7966	99.7648
99.9791	99.9778	99.976	99.9736	99.9707	99.9671	99.9614	99.9513	99.94	99.9191	99.8964	99.8718	99.8466	99.8257	99.8111	99.8037	99.7759
99.9799	99.9783	99.9765	99.9741	99.9713	99.9681	99.9622	99.9537	99.9414	99.9205	99.8977	99.8757	99.8522	99.8315	99.8173	99.8108	99.788
99.9807	99.9789	99.9774	99.9753	99.9728	99.9694	99.9645	99.9557	99.9443	99.9233	99.9009	99.8799	99.8587	99.8381	99.8264	99.8197	99.7988
99.9814	99.9798	99.9783	99.9768	99.9744	99.9704	99.9669	99.9584	99.9454	99.9266	99.9054	99.8845	99.864	99.8454	99.8344	99.8272	99.8093
99.9821	99.9805	99.9793	99.9778	99.9753	99.9724	99.9683	99.9593	99.9475	99.9294	99.9089	99.8905	99.8694	99.8515	99.8413	99.8321	99.8172
99.9829	99.9814	99.9802	99.9784	99.9765	99.9735	99.9693	99.961	99.9494	99.9326	99.9132	99.8942	99.8735	99.8582	99.8477	99.8396	99.8257
99.9835	99.9819	99.9804	99.979	99.9773	99.974	99.9703	99.9624	99.9518	99.9359	99.9174	99.898	99.8791	99.8628	99.853	99.8456	99.8356
99.9841	99.9827	99.981	99.98	99.978	99.9755	99.9713	99.964	99.9546	99.9398	99.9211	99.9025	99.8849	99.8696	99.8607	99.8545	99.8455
99.9851	99.9837	99.9824	99.9809	99.9796	99.9769	99.9732	99.9669	99.9577	99.9424	99.925	99.9074	99.8905	99.8762	99.8673	99.8614	99.8535
99.9858	99.9843	99.9835	99.9823	99.9806	99.9785	99.9752	99.9685	99.9599	99.9457	99.9294	99.9118	99.8967	99.8823	99.8741	99.8684	99.8615
99.9862	99.9848	99.984	99.9828	99.9814	99.9787	99.976	99.9703	99.9615	99.9482	99.9328	99.9158	99.9016	99.8871	99.8795	99.8746	99.8677
99.9869	99.9856	99.9849	99.9835	99.9819	99.9794	99.9764	99.9709	99.962	99.9493	99.9343	99.9174	99.9058	99.8915	99.8839	99.879	99.873
99.9875	99.9864	99.9857	99.9836	99.9824	99.9807	99.9775	99.9716	99.9634	99.9514	99.9377	99.9211	99.9095	99.897	99.8901	99.8852	99.8792
99.9879	99.9869	99.9861	99.9845	99.9833	99.9811	99.9781	99.9725	99.9649	99.9535	99.9411	99.9248	99.9139	99.9006	99.8937	99.8911	99.8852
99.9882	99.9873	99.9862	99.985	99.9835	99.9814	99.9785	99.9735	99.966	99.9556	99.943	99.9275	99.9169	99.9045	99.8987	99.8966	99.8907
99.9884	99.9875	99.9862	99.9853	99.9836	99.9812	99.9786	99.9737	99.9666	99.9565	99.9439	99.9287	99.9193	99.9078	99.9025	99.9005	99.8945
99.9889	99.9879	99.9867	99.9856	99.9838	99.9816	99.9788	99.9746	99.9674	99.9572	99.945	99.9308	99.9217	99.9097	99.9056	99.9036	99.8976
99.9895	99.9887	99.9876	99.9864	99.9844	99.9827	99.9796	99.9752	99.9683	99.958	99.9458	99.933	99.9242	99.9129	99.9089	99.9069	99.9009
99.9898	99.9887	99.9881	99.9869	99.9851	99.9829	99.9795	99.9756	99.9689	99.9597	99.9474	99.9354	99.9269	99.9173	99.9129	99.9115	99.9055
99.9901	99.9891	99.9881	99.9873	99.9855	99.9833	99.98	99.9757	99.9701	99.9614	99.9496	99.9381	99.93	99.9204	99.916	99.9146	99.9086
99.9905	99.9895	99.9888	99.9877	99.9863	99.9843	99.9812	99.977	99.9711	99.9628	99.9521	99.941	99.9329	99.9239	99.9206	99.9191	99.9132
99.991	99.99	99.9891	99.9884	99.987	99.985	99.982	99.9782	99.9726	99.9649	99.9538	99.9435	99.9363	99.928	99.9247	99.9225	99.9176
99.9915	99.9908	99.99	99.989	99.9876	99.9858	99.983	99.9796	99.9744	99.9666	99.9563	99.9464	99.9393	99.9312	99.9285	99.9264	99.9214
99.992	99.9912	99.9906	99.9897	99.9881	99.9869	99.984	99.9807	99.9756	99.9682	99.9582	99.9486	99.9423	99.9348	99.9321	99.93	99.925
99.9924	99.9915	99.9908	99.99	99.9885	99.9872	99.9844	99.9812	99.9766	99.9692	99.9594	99.9509	99.9452	99.9378	99.9351	99.9329	99.928
99.9926	99.9917	99.9911	99.9902	99.989	99.9875	99.9856	99.9828	99.978	99.9698	99.9613	99.9533	99.948	99.9404	99.9388	99.9367	99.9317
99.9929	99.992	99.9914	99.9909	99.99	99.9889	99.9869	99.9842	99.9788	99.9717	99.9637	99.956	99.9508	99.9439	99.9418	99.9405	99.9355
99.9934	99.9927	99.9924	99.9918	99.9911	99.9899	99.9878	99.9851	99.98	99.9725	99.9657	99.9581	99.9529	99.9461	99.9435	99.9429	99.939
99.9936	99.9929	99.9924	99.9919	99.9913	99.9902	99.9882	99.9846	99.9802	99.974	99.9673	99.9602	99.9551	99.949	99.9461	99.9453	99.9423
99.994	99.9933	99.993	99.9925	99.9919	99.9907	99.9887	99.986	99.9812	99.9759	99.9689	99.9626	99.9576	99.9514	99.9483	99.9477	99.9457
99.9942	99.9936	99.9932	99.9927	99.9919	99.991	99.9892	99.9861	99.9822	99.9772	99.9703	99.9642	99.9584	99.9534	99.9515	99.9509	99.9489
99.9944	99.9938	99.9935	99.993	99.9921	99.9913	99.9895	99.9866	99.9826	99.9785	99.9715	99.9654	99.9601	99.9558	99.9538	99.9533	99.9513
99.9947	99.994	99.9935	99.9929	99.9924	99.9914	99.9899	99.9874	99.9839	99.9799	99.9729	99.9677	99.9628	99.9584	99.9569	99.9563	99.9543
99.9949	99.9943	99.9936	99.993	99.9925	99.9916	99.9905	99.9879	99.9844	99.9808	99.9744	99.9691	99.9642	99.9603	99.9588	99.9582	99.9562
99.9952	99.9945	99.9941	99.9935	99.9929	99.9922	99.991	99.9881	99.9849	99.9818	99.9756	99.9704	99.9655	99.9624	99.9609	99.9603	99.9583
99.9952	99.9946	99.994	99.9934	99.993	99.992	99.9908	99.9883	99.9851	99.9819	99.9758	99.9711	99.9668	99.9637	99.9622	99.9616	99.9597
99.9955	99.995	99.9945	99.9941	99.9935	99.9925	99.991	99.9885	99.9851	99.9828	99.9771	99.9725	99.9684	99.9656	99.9639	99.9639	99.9619
99.9957	99.9951	99.9949	99.9944	99.9937	99.9928	99.9913	99.9885	99.9853	99.9828	99.9777	99.9739	99.9695	99.9668	99.966	99.966	99.964
99.9959	99.9955	99.9951	99.9948	99.9943	99.9933	99.9916	99.9886	99.9862	99.9839	99.9789	99.975	99.9707	99.969	99.9681	99.9681	99.9662
99.9961	99.9957	99.9953	99.9949	99.9945	99.9936	99.992	99.9894	99.987	99.9846	99.9795	99.9755	99.9715	99.9704	99.9695	99.9695	99.9676
99.9963	99.9958	99.9957	99.9953	99.995	99.994	99.992	99.9898	99.9876	99.9853	99.9806	99.9762	99.9731	99.972	99.9712	99.9712	99.9692
99.9964	99.996	99.9958	99.9955	99.995	99.9943	99.9922	99.9902	99.9881	99.9859	99.9814	99.9772	99.9746	99.9735	99.9726	99.9726	99.9707
99.9966	99.9962	99.996	99.9956	99.9951	99.9945	99.9921	99.9906	99.9888	99.9867	99.982	99.9787	99.9761	99.9748	99.9743	99.9743	99.9723
99.9967	99.9963	99.9961	99.9957	99.9952	99.9941	99.9922	99.9907	99.9892	99.9871	99.9827	99.9794	99.9769	99.9756	99.9751	99.9751	99.9731
99.9967	99.9963	99.996	99.9955	99.995	99.994	99.9928	99.9918	99.9898	99.9877	99.9833	99.9809	99.9785	99.9771	99.9768	99.9761	99.9751
99.9971	99.9967	99.9963	99.9958	99.9953	99.9949	99.9936	99.9927	99.9905	99.9889	99.9843	99.9823	99.9801	99.9791	99.9788	99.9781	99.9771
99.9973	99.997	99.9965	99.9962	99.9959	99.9955	99.9942	99.9932	99.9914	99.9893	99.9854	99.9837	99.9814	99.9805	99.9802	99.9795	99.9785
99.9973	99.9969	99.9965	99.9963	99.996	99.9954	99.9943	99.9935	99.9914	99.9893	99.9858	99.9845	99.9823	99.9813	99.981	99.9803	99.9793
99.9975	99.9972	99.9969	99.9968	99.9965	99.9958	99.9946	99.9937	99.9917	99.9899	99.987	99.9857	99.9835	99.9826	99.9823	99.9816	99.9806
99.9978	99.9975	99.9973	99.997	99.9969	99.9958	99.9946	99.9937	99.9926	99.9908	99.988	99.9868	99.9849	99.984	99.9837	99.983	99.982
99.998	99.9978	99.9975	99.9974	99.997	99.9959	99.9951	99.9941	99.9926	99.9913	99.989	99.9876	99.9856	99.9851	99.9848	99.9841	99.9831
99.9981	99.9978	99.9975	99.9973	99.9969	99.9958	99.995	99.994	99.9928	99.9919	99.9901	99.9886	99.9867	99.9863	99.986	99.9852	99.9842
99.9981	99.9978	99.9975	99.9972	99.9968	99.9962	99.9954	99.9943	99.9936	99.9922	99.9909	99.9894	99.9877	99.9868	99.9865	99.9865	99.9855
99.9982	99.998	99.9977	99.9973	99.9969	99.9965	99.9953	99.9947	99.9942	99.9928	99.9913	99.9903	99.9882	99.9877	99.9874	99.9874	99.9864
99.9983	99.998	99.9977	99.9973	99.9969	99.9966	99.9956	99.9953	99.9947	99.9931	99.9919	99.9909	99.9892	99.9887	99.9884	99.9884	99.9874
99.9984	99.9981	99.998	99.9975	99.9972	99.9969	99.9962	99.9958	99.9953	99.9938	99.9924	99.9917	99.99	99.9895	99.9895	99.9895	99.9885
99.9985	99.9982	99.998	99.9976	99.9971	99.9969	99.9964	99.9961	99.9954	99.994	99.9927	99.9919	99.9906	99.99	99.99	99.99	99.989
99.9986	99.9983	99.9981	99.9979	99.9975	99.9972	99.9969	99.9963	99.9957	99.9947	99.9934	99.9926	99.9915	99.991	99.991	99.991	99.99
99.9987	99.9984	99.9983	99.9981	99.9978	99.9974	99.9971	99.9965	99.9962	99.9951	99.9937	99.993	99.9919	99.9915	99.9915	99.9915	99.9905
99.9988	99.9986	99.9984	99.9982	99.9978	99.9976	99.9975	99.9968	99.9965	99.9954	99.9941	99.9931	99.9924	99.9919	99.9919	99.9919	99.9909
